Using pre-set license
Built from '2021.3/staging' branch; Version is '2021.3.13f1 (9e7d58001ecf) revision 10386776'; Using compiler version '192829333'; Build Type 'Release'
OS: 'Windows 11  (10.0.22621) 64bit Professional' Language: 'es' Physical Memory: 20275 MB
BatchMode: 1, IsHumanControllingUs: 0, StartBugReporterOnCrash: 0, Is64bit: 1, IsPro: 1

COMMAND LINE ARGUMENTS:
C:\Program Files\Unity\Hub\Editor\2021.3.13f1\Editor\Unity.exe
-adb2
-batchMode
-noUpm
-name
AssetImportWorker2
-projectPath
C:/TFG
-logFile
Logs/AssetImportWorker2.log
-srvPort
51203
Successfully changed project path to: C:/TFG
C:/TFG
[UnityMemory] Configuration Parameters - Can be set up in boot.config
    "memorysetup-bucket-allocator-granularity=16"
    "memorysetup-bucket-allocator-bucket-count=8"
    "memorysetup-bucket-allocator-block-size=33554432"
    "memorysetup-bucket-allocator-block-count=8"
    "memorysetup-main-allocator-block-size=16777216"
    "memorysetup-thread-allocator-block-size=16777216"
    "memorysetup-gfx-main-allocator-block-size=16777216"
    "memorysetup-gfx-thread-allocator-block-size=16777216"
    "memorysetup-cache-allocator-block-size=4194304"
    "memorysetup-typetree-allocator-block-size=2097152"
    "memorysetup-profiler-bucket-allocator-granularity=16"
    "memorysetup-profiler-bucket-allocator-bucket-count=8"
    "memorysetup-profiler-bucket-allocator-block-size=33554432"
    "memorysetup-profiler-bucket-allocator-block-count=8"
    "memorysetup-profiler-allocator-block-size=16777216"
    "memorysetup-profiler-editor-allocator-block-size=1048576"
    "memorysetup-temp-allocator-size-main=16777216"
    "memorysetup-job-temp-allocator-block-size=2097152"
    "memorysetup-job-temp-allocator-block-size-background=1048576"
    "memorysetup-job-temp-allocator-reduction-small-platforms=262144"
    "memorysetup-temp-allocator-size-background-worker=32768"
    "memorysetup-temp-allocator-size-job-worker=262144"
    "memorysetup-temp-allocator-size-preload-manager=33554432"
    "memorysetup-temp-allocator-size-nav-mesh-worker=65536"
    "memorysetup-temp-allocator-size-audio-worker=65536"
    "memorysetup-temp-allocator-size-cloud-worker=32768"
    "memorysetup-temp-allocator-size-gi-baking-worker=262144"
    "memorysetup-temp-allocator-size-gfx=262144"
Refreshing native plugins compatible for Editor in 149.42 ms, found 4 plugins.
Preloading 0 native plugins for Editor in 0.00 ms.
Initialize engine version: 2021.3.13f1 (9e7d58001ecf)
[Subsystems] Discovering subsystems at path C:/Program Files/Unity/Hub/Editor/2021.3.13f1/Editor/Data/Resources/UnitySubsystems
[Subsystems] Discovering subsystems at path C:/TFG/Assets
GfxDevice: creating device client; threaded=0; jobified=0
Direct3D:
    Version:  Direct3D 11.0 [level 11.1]
    Renderer: Intel(R) Iris(R) Plus Graphics (ID=0x8a52)
    Vendor:   Intel
    VRAM:     10137 MB
    Driver:   27.20.100.9664
Initialize mono
Mono path[0] = 'C:/Program Files/Unity/Hub/Editor/2021.3.13f1/Editor/Data/Managed'
Mono path[1] = 'C:/Program Files/Unity/Hub/Editor/2021.3.13f1/Editor/Data/MonoBleedingEdge/lib/mono/unityjit-win32'
Mono config path = 'C:/Program Files/Unity/Hub/Editor/2021.3.13f1/Editor/Data/MonoBleedingEdge/etc'
Using monoOptions --debugger-agent=transport=dt_socket,embedding=1,server=y,suspend=n,address=127.0.0.1:56828
Begin MonoManager ReloadAssembly
Registering precompiled unity dll's ...
Register platform support module: C:/Program Files/Unity/Hub/Editor/2021.3.13f1/Editor/Data/PlaybackEngines/WindowsStandaloneSupport/UnityEditor.WindowsStandalone.Extensions.dll
Registered in 0.003366 seconds.
Native extension for WindowsStandalone target not found
Refreshing native plugins compatible for Editor in 95.14 ms, found 4 plugins.
Preloading 0 native plugins for Editor in 0.00 ms.
Mono: successfully reloaded assembly
- Completed reload, in  0.671 seconds
Domain Reload Profiling:
	ReloadAssembly (671ms)
		BeginReloadAssembly (77ms)
			ExecutionOrderSort (0ms)
			DisableScriptedObjects (0ms)
			BackupInstance (0ms)
			ReleaseScriptingObjects (0ms)
			CreateAndSetChildDomain (1ms)
		EndReloadAssembly (482ms)
			LoadAssemblies (75ms)
			RebuildTransferFunctionScriptingTraits (0ms)
			SetupTypeCache (112ms)
			ReleaseScriptCaches (0ms)
			RebuildScriptCaches (26ms)
			SetupLoadedEditorAssemblies (291ms)
				LogAssemblyErrors (0ms)
				InitializePlatformSupportModulesInManaged (7ms)
				SetLoadedEditorAssemblies (0ms)
				RefreshPlugins (95ms)
				BeforeProcessingInitializeOnLoad (1ms)
				ProcessInitializeOnLoadAttributes (135ms)
				ProcessInitializeOnLoadMethodAttributes (52ms)
				AfterProcessingInitializeOnLoad (0ms)
				EditorAssembliesLoaded (0ms)
			ExecutionOrderSort2 (0ms)
			AwakeInstancesAfterBackupRestoration (0ms)
Platform modules already initialized, skipping
Registering precompiled user dll's ...
Registered in 0.005644 seconds.
Begin MonoManager ReloadAssembly
Symbol file LoadedFromMemory doesn't match image C:\TFG\Library\PackageCache\com.unity.visualscripting@1.7.8\Editor\VisualScripting.Core\Dependencies\YamlDotNet\Unity.VisualScripting.YamlDotNet.dll
Symbol file LoadedFromMemory doesn't match image C:\TFG\Library\PackageCache\com.unity.visualscripting@1.7.8\Editor\VisualScripting.Core\Dependencies\DotNetZip\Unity.VisualScripting.IonicZip.dll
Native extension for WindowsStandalone target not found
Refreshing native plugins compatible for Editor in 87.37 ms, found 4 plugins.
Preloading 0 native plugins for Editor in 0.00 ms.
Mono: successfully reloaded assembly
- Completed reload, in  1.150 seconds
Domain Reload Profiling:
	ReloadAssembly (1151ms)
		BeginReloadAssembly (104ms)
			ExecutionOrderSort (0ms)
			DisableScriptedObjects (6ms)
			BackupInstance (0ms)
			ReleaseScriptingObjects (0ms)
			CreateAndSetChildDomain (17ms)
		EndReloadAssembly (929ms)
			LoadAssemblies (79ms)
			RebuildTransferFunctionScriptingTraits (0ms)
			SetupTypeCache (244ms)
			ReleaseScriptCaches (1ms)
			RebuildScriptCaches (58ms)
			SetupLoadedEditorAssemblies (502ms)
				LogAssemblyErrors (0ms)
				InitializePlatformSupportModulesInManaged (3ms)
				SetLoadedEditorAssemblies (0ms)
				RefreshPlugins (87ms)
				BeforeProcessingInitializeOnLoad (94ms)
				ProcessInitializeOnLoadAttributes (268ms)
				ProcessInitializeOnLoadMethodAttributes (44ms)
				AfterProcessingInitializeOnLoad (5ms)
				EditorAssembliesLoaded (0ms)
			ExecutionOrderSort2 (0ms)
			AwakeInstancesAfterBackupRestoration (5ms)
Platform modules already initialized, skipping
========================================================================
Worker process is ready to serve import requests
Launched and connected shader compiler UnityShaderCompiler.exe after 0.05 seconds
Refreshing native plugins compatible for Editor in 0.72 ms, found 4 plugins.
Preloading 0 native plugins for Editor in 0.00 ms.
Unloading 4261 Unused Serialized files (Serialized files now loaded: 0)
Unloading 58 unused Assets / (322.6 KB). Loaded Objects now: 4712.
Memory consumption went from 160.4 MB to 160.0 MB.
Total: 4.558400 ms (FindLiveObjects: 0.282300 ms CreateObjectMapping: 0.191500 ms MarkObjects: 3.901200 ms  DeleteObjects: 0.182400 ms)

AssetImportParameters requested are different than current active one (requested -> active):
  custom:video-decoder-ogg-theora: a1e56fd34408186e4bbccfd4996cb3dc -> 
  custom:container-muxer-webm: aa71ff27fc2769a1b78a27578f13a17b -> 
  custom:container-demuxer-webm: 4f35f7cbe854078d1ac9338744f61a02 -> 
  custom:video-encoder-webm-vp8: eb34c28f22e8b96e1ab97ce403110664 -> 
  custom:audio-encoder-webm-vorbis: bf7c407c2cedff20999df2af8eb42d56 -> 
  custom:framework-win-MediaFoundation: 216162199b28c13a410421893ffa2e32 -> 
  custom:container-demuxer-ogg: 62fdf1f143b41e24485cea50d1cbac27 -> 
  custom:video-decoder-webm-vp8: 9c59270c3fd7afecdb556c50c9e8de78 -> 
  custom:audio-decoder-ogg-vorbis: bf7c407c2cedff20999df2af8eb42d56 -> 
========================================================================
Received Import Request.
  Time since last request: 180127.971481 seconds.
  path: Assets/Scripts/Armas
  artifactKey: Guid(e10a2b8eb5d68044aa990b2db68435cf) Importer(815301076,1909f56bfc062723c751e8b465ee728b)
Start importing Assets/Scripts/Armas using Guid(e10a2b8eb5d68044aa990b2db68435cf) Importer(815301076,1909f56bfc062723c751e8b465ee728b)  -> (artifact id: 'baa57ed0505ebad1e9766bfebc128b0e') in 0.034008 seconds 
========================================================================
Received Prepare
Registering precompiled user dll's ...
Registered in 0.005254 seconds.
Begin MonoManager ReloadAssembly
Symbol file LoadedFromMemory doesn't match image C:\TFG\Library\PackageCache\com.unity.visualscripting@1.7.8\Editor\VisualScripting.Core\Dependencies\YamlDotNet\Unity.VisualScripting.YamlDotNet.dll
Symbol file LoadedFromMemory doesn't match image C:\TFG\Library\PackageCache\com.unity.visualscripting@1.7.8\Editor\VisualScripting.Core\Dependencies\DotNetZip\Unity.VisualScripting.IonicZip.dll
Native extension for WindowsStandalone target not found
Refreshing native plugins compatible for Editor in 0.63 ms, found 4 plugins.
Preloading 0 native plugins for Editor in 0.00 ms.
Mono: successfully reloaded assembly
- Completed reload, in  1.283 seconds
Domain Reload Profiling:
	ReloadAssembly (1283ms)
		BeginReloadAssembly (139ms)
			ExecutionOrderSort (0ms)
			DisableScriptedObjects (6ms)
			BackupInstance (0ms)
			ReleaseScriptingObjects (0ms)
			CreateAndSetChildDomain (42ms)
		EndReloadAssembly (1035ms)
			LoadAssemblies (92ms)
			RebuildTransferFunctionScriptingTraits (0ms)
			SetupTypeCache (415ms)
			ReleaseScriptCaches (3ms)
			RebuildScriptCaches (98ms)
			SetupLoadedEditorAssemblies (365ms)
				LogAssemblyErrors (0ms)
				InitializePlatformSupportModulesInManaged (11ms)
				SetLoadedEditorAssemblies (0ms)
				RefreshPlugins (1ms)
				BeforeProcessingInitializeOnLoad (67ms)
				ProcessInitializeOnLoadAttributes (242ms)
				ProcessInitializeOnLoadMethodAttributes (39ms)
				AfterProcessingInitializeOnLoad (5ms)
				EditorAssembliesLoaded (0ms)
			ExecutionOrderSort2 (0ms)
			AwakeInstancesAfterBackupRestoration (9ms)
Platform modules already initialized, skipping
Refreshing native plugins compatible for Editor in 1.97 ms, found 4 plugins.
Preloading 0 native plugins for Editor in 0.00 ms.
Unloading 4245 Unused Serialized files (Serialized files now loaded: 0)
Unloading 33 unused Assets / (289.4 KB). Loaded Objects now: 4728.
Memory consumption went from 159.1 MB to 158.8 MB.
Total: 2.912700 ms (FindLiveObjects: 0.232800 ms CreateObjectMapping: 0.133100 ms MarkObjects: 2.400800 ms  DeleteObjects: 0.145100 ms)

AssetImportParameters requested are different than current active one (requested -> active):
  custom:video-decoder-ogg-theora: a1e56fd34408186e4bbccfd4996cb3dc -> 
  custom:container-muxer-webm: aa71ff27fc2769a1b78a27578f13a17b -> 
  custom:container-demuxer-webm: 4f35f7cbe854078d1ac9338744f61a02 -> 
  custom:video-encoder-webm-vp8: eb34c28f22e8b96e1ab97ce403110664 -> 
  custom:audio-encoder-webm-vorbis: bf7c407c2cedff20999df2af8eb42d56 -> 
  custom:framework-win-MediaFoundation: 216162199b28c13a410421893ffa2e32 -> 
  custom:container-demuxer-ogg: 62fdf1f143b41e24485cea50d1cbac27 -> 
  custom:video-decoder-webm-vp8: 9c59270c3fd7afecdb556c50c9e8de78 -> 
  custom:audio-decoder-ogg-vorbis: bf7c407c2cedff20999df2af8eb42d56 -> 
========================================================================
Received Import Request.
  Time since last request: 20.205297 seconds.
  path: Assets/Scripts/Armas/Arma.cs
  artifactKey: Guid(7555109bb5c0f504c908b970c7cf73db) Importer(815301076,1909f56bfc062723c751e8b465ee728b)
Start importing Assets/Scripts/Armas/Arma.cs using Guid(7555109bb5c0f504c908b970c7cf73db) Importer(815301076,1909f56bfc062723c751e8b465ee728b)  -> (artifact id: '08bb775ae74c9a397df01f345e05db9f') in 0.037165 seconds 
========================================================================
Received Import Request.
  Time since last request: 327.886115 seconds.
  path: Assets/Scripts/Armas/Arma.cs
  artifactKey: Guid(7555109bb5c0f504c908b970c7cf73db) Importer(815301076,1909f56bfc062723c751e8b465ee728b)
Start importing Assets/Scripts/Armas/Arma.cs using Guid(7555109bb5c0f504c908b970c7cf73db) Importer(815301076,1909f56bfc062723c751e8b465ee728b)  -> (artifact id: '9d4f38ac2aa8a02dd1fbf2d6c394a5d4') in 0.020229 seconds 
========================================================================
Received Prepare
Registering precompiled user dll's ...
Registered in 0.008340 seconds.
Begin MonoManager ReloadAssembly
Symbol file LoadedFromMemory doesn't match image C:\TFG\Library\PackageCache\com.unity.visualscripting@1.7.8\Editor\VisualScripting.Core\Dependencies\YamlDotNet\Unity.VisualScripting.YamlDotNet.dll
Symbol file LoadedFromMemory doesn't match image C:\TFG\Library\PackageCache\com.unity.visualscripting@1.7.8\Editor\VisualScripting.Core\Dependencies\DotNetZip\Unity.VisualScripting.IonicZip.dll
Native extension for WindowsStandalone target not found
Refreshing native plugins compatible for Editor in 1.63 ms, found 4 plugins.
Preloading 0 native plugins for Editor in 0.00 ms.
Mono: successfully reloaded assembly
- Completed reload, in  1.377 seconds
Domain Reload Profiling:
	ReloadAssembly (1377ms)
		BeginReloadAssembly (157ms)
			ExecutionOrderSort (0ms)
			DisableScriptedObjects (6ms)
			BackupInstance (0ms)
			ReleaseScriptingObjects (0ms)
			CreateAndSetChildDomain (40ms)
		EndReloadAssembly (1101ms)
			LoadAssemblies (110ms)
			RebuildTransferFunctionScriptingTraits (0ms)
			SetupTypeCache (342ms)
			ReleaseScriptCaches (3ms)
			RebuildScriptCaches (112ms)
			SetupLoadedEditorAssemblies (454ms)
				LogAssemblyErrors (0ms)
				InitializePlatformSupportModulesInManaged (22ms)
				SetLoadedEditorAssemblies (1ms)
				RefreshPlugins (2ms)
				BeforeProcessingInitializeOnLoad (125ms)
				ProcessInitializeOnLoadAttributes (253ms)
				ProcessInitializeOnLoadMethodAttributes (44ms)
				AfterProcessingInitializeOnLoad (7ms)
				EditorAssembliesLoaded (0ms)
			ExecutionOrderSort2 (0ms)
			AwakeInstancesAfterBackupRestoration (8ms)
Platform modules already initialized, skipping
Refreshing native plugins compatible for Editor in 1.95 ms, found 4 plugins.
Preloading 0 native plugins for Editor in 0.00 ms.
Unloading 4245 Unused Serialized files (Serialized files now loaded: 0)
Unloading 33 unused Assets / (289.1 KB). Loaded Objects now: 4743.
Memory consumption went from 159.1 MB to 158.8 MB.
Total: 2.826900 ms (FindLiveObjects: 0.236800 ms CreateObjectMapping: 0.158300 ms MarkObjects: 2.286400 ms  DeleteObjects: 0.144600 ms)

AssetImportParameters requested are different than current active one (requested -> active):
  custom:video-decoder-ogg-theora: a1e56fd34408186e4bbccfd4996cb3dc -> 
  custom:container-muxer-webm: aa71ff27fc2769a1b78a27578f13a17b -> 
  custom:container-demuxer-webm: 4f35f7cbe854078d1ac9338744f61a02 -> 
  custom:video-encoder-webm-vp8: eb34c28f22e8b96e1ab97ce403110664 -> 
  custom:audio-encoder-webm-vorbis: bf7c407c2cedff20999df2af8eb42d56 -> 
  custom:framework-win-MediaFoundation: 216162199b28c13a410421893ffa2e32 -> 
  custom:container-demuxer-ogg: 62fdf1f143b41e24485cea50d1cbac27 -> 
  custom:video-decoder-webm-vp8: 9c59270c3fd7afecdb556c50c9e8de78 -> 
  custom:audio-decoder-ogg-vorbis: bf7c407c2cedff20999df2af8eb42d56 -> 
========================================================================
Received Import Request.
  Time since last request: 61.417425 seconds.
  path: Assets/Scriptableobjet/Armas
  artifactKey: Guid(e2a70d1fe34c41f4fb54764516408324) Importer(815301076,1909f56bfc062723c751e8b465ee728b)
Start importing Assets/Scriptableobjet/Armas using Guid(e2a70d1fe34c41f4fb54764516408324) Importer(815301076,1909f56bfc062723c751e8b465ee728b)  -> (artifact id: '9ced9001e87511c0b494322afd126ce4') in 0.012379 seconds 
========================================================================
Received Import Request.
  Time since last request: 15.717847 seconds.
  path: Assets/Scriptableobjet/Armas/New Arma.asset
  artifactKey: Guid(cc72fb2ba4633c343a69fb742572f9e5) Importer(815301076,1909f56bfc062723c751e8b465ee728b)
Start importing Assets/Scriptableobjet/Armas/New Arma.asset using Guid(cc72fb2ba4633c343a69fb742572f9e5) Importer(815301076,1909f56bfc062723c751e8b465ee728b)  -> (artifact id: 'bb9dc1eeb52599a0a76fcc5c5e08da7d') in 0.044576 seconds 
========================================================================
Received Import Request.
  Time since last request: 33.116692 seconds.
  path: Assets/Scriptableobjet/Armas/ArmaMagiaLibro.asset
  artifactKey: Guid(f78ab6c16e31d4a4dad4fc44f0603939) Importer(815301076,1909f56bfc062723c751e8b465ee728b)
Start importing Assets/Scriptableobjet/Armas/ArmaMagiaLibro.asset using Guid(f78ab6c16e31d4a4dad4fc44f0603939) Importer(815301076,1909f56bfc062723c751e8b465ee728b)  -> (artifact id: '031ec4d646bdc3a1315c51a7ce655a4e') in 0.011797 seconds 
========================================================================
Received Import Request.
  Time since last request: 36.963705 seconds.
  path: Assets/Sprites/Personajes/NPC/link-removebg-preview (1).png
  artifactKey: Guid(95b2a271105782348b9ee359428fe385) Importer(815301076,1909f56bfc062723c751e8b465ee728b)
Start importing Assets/Sprites/Personajes/NPC/link-removebg-preview (1).png using Guid(95b2a271105782348b9ee359428fe385) Importer(815301076,1909f56bfc062723c751e8b465ee728b)  -> (artifact id: '7cccb00edc1deda1d66a971567d70163') in 0.478968 seconds 
========================================================================
Received Import Request.
  Time since last request: 1.660542 seconds.
  path: Assets/Sprites/Personajes/NPC/calicoKitty_curiousIdleBreaker.png
  artifactKey: Guid(2c15f612b9dd7074c80161aa32ecc1f8) Importer(815301076,1909f56bfc062723c751e8b465ee728b)
Start importing Assets/Sprites/Personajes/NPC/calicoKitty_curiousIdleBreaker.png using Guid(2c15f612b9dd7074c80161aa32ecc1f8) Importer(815301076,1909f56bfc062723c751e8b465ee728b)  -> (artifact id: '3255954c7b240dc66e9be3c03f0b48fa') in 0.036937 seconds 
========================================================================
Received Import Request.
  Time since last request: 0.000046 seconds.
  path: Packages/com.unity.2d.animation/Editor/Assets/SkinningModule/Icons/Dark/d_Visibility_Hidded.png
  artifactKey: Guid(331d72d503bf74243aa04430504cee09) Importer(815301076,1909f56bfc062723c751e8b465ee728b)
Start importing Packages/com.unity.2d.animation/Editor/Assets/SkinningModule/Icons/Dark/d_Visibility_Hidded.png using Guid(331d72d503bf74243aa04430504cee09) Importer(815301076,1909f56bfc062723c751e8b465ee728b)  -> (artifact id: 'cfabc826ec91dab93f8833cc4f69d6e1') in 0.053765 seconds 
========================================================================
Received Import Request.
  Time since last request: 62.070072 seconds.
  path: Assets/Sprites/Proyectiles/BolaEnergia.png
  artifactKey: Guid(9dcdd1e2cca09c045a5239a6889e92ec) Importer(815301076,1909f56bfc062723c751e8b465ee728b)
Start importing Assets/Sprites/Proyectiles/BolaEnergia.png using Guid(9dcdd1e2cca09c045a5239a6889e92ec) Importer(815301076,1909f56bfc062723c751e8b465ee728b)  -> (artifact id: '40d9d403c248c935654de061ab70dd2e') in 0.016178 seconds 
========================================================================
Received Import Request.
  Time since last request: 0.004493 seconds.
  path: Assets/Sprites/Proyectiles/BolaFuego.png
  artifactKey: Guid(d773842bfbd931149ad924da9646f9bb) Importer(815301076,1909f56bfc062723c751e8b465ee728b)
Start importing Assets/Sprites/Proyectiles/BolaFuego.png using Guid(d773842bfbd931149ad924da9646f9bb) Importer(815301076,1909f56bfc062723c751e8b465ee728b)  -> (artifact id: '0d25ce81d4f8ebb15ddee52e4228fa56') in 0.025014 seconds 
========================================================================
Received Import Request.
  Time since last request: 0.000233 seconds.
  path: Assets/Sprites/Proyectiles/Roca.png
  artifactKey: Guid(9917179996bebeb4fab09adddf9aef80) Importer(815301076,1909f56bfc062723c751e8b465ee728b)
Start importing Assets/Sprites/Proyectiles/Roca.png using Guid(9917179996bebeb4fab09adddf9aef80) Importer(815301076,1909f56bfc062723c751e8b465ee728b)  -> (artifact id: '4c5f73a1fc5e1e1329545c856d19d869') in 0.028899 seconds 
========================================================================
Received Import Request.
  Time since last request: 29.596045 seconds.
  path: Assets/Sprites/Proyectiles/BolaEnergia.png
  artifactKey: Guid(9dcdd1e2cca09c045a5239a6889e92ec) Importer(815301076,1909f56bfc062723c751e8b465ee728b)
Start importing Assets/Sprites/Proyectiles/BolaEnergia.png using Guid(9dcdd1e2cca09c045a5239a6889e92ec) Importer(815301076,1909f56bfc062723c751e8b465ee728b)  -> (artifact id: '0bc364bc57ac3255ba3bd917bba1bc57') in 0.041405 seconds 
========================================================================
Received Import Request.
  Time since last request: 20.604349 seconds.
  path: Assets/Sprites/Proyectiles/BolaFuego.png
  artifactKey: Guid(d773842bfbd931149ad924da9646f9bb) Importer(815301076,1909f56bfc062723c751e8b465ee728b)
Start importing Assets/Sprites/Proyectiles/BolaFuego.png using Guid(d773842bfbd931149ad924da9646f9bb) Importer(815301076,1909f56bfc062723c751e8b465ee728b)  -> (artifact id: 'de80780c1e450cdb8552048dc6691fed') in 0.044811 seconds 
========================================================================
Received Import Request.
  Time since last request: 20.328497 seconds.
  path: Assets/Sprites/Proyectiles/PicoHielo.png
  artifactKey: Guid(f911827ee39108b409c6cf31ddd7162a) Importer(815301076,1909f56bfc062723c751e8b465ee728b)
Start importing Assets/Sprites/Proyectiles/PicoHielo.png using Guid(f911827ee39108b409c6cf31ddd7162a) Importer(815301076,1909f56bfc062723c751e8b465ee728b)  -> (artifact id: '1a83f3a07000695b206f5d5499907763') in 0.063746 seconds 
========================================================================
Received Import Request.
  Time since last request: 14.420857 seconds.
  path: Assets/Sprites/Proyectiles/PicoHierba.png
  artifactKey: Guid(ac7bb8ced7d1c8343ab6988c31acb708) Importer(815301076,1909f56bfc062723c751e8b465ee728b)
Start importing Assets/Sprites/Proyectiles/PicoHierba.png using Guid(ac7bb8ced7d1c8343ab6988c31acb708) Importer(815301076,1909f56bfc062723c751e8b465ee728b)  -> (artifact id: '353f9f5ec589d8efb3c8db4e19c17ad6') in 0.039015 seconds 
========================================================================
Received Import Request.
  Time since last request: 15.000877 seconds.
  path: Assets/Sprites/Proyectiles/Roca.png
  artifactKey: Guid(9917179996bebeb4fab09adddf9aef80) Importer(815301076,1909f56bfc062723c751e8b465ee728b)
Start importing Assets/Sprites/Proyectiles/Roca.png using Guid(9917179996bebeb4fab09adddf9aef80) Importer(815301076,1909f56bfc062723c751e8b465ee728b)  -> (artifact id: '8fb179213fe4d99aa186302c3789eba3') in 0.037400 seconds 
========================================================================
Received Import Request.
  Time since last request: 181.982634 seconds.
  path: Assets/Scripts/Inventario/Items
  artifactKey: Guid(59867422ff38fb4409ae19b7a02ba1f8) Importer(815301076,1909f56bfc062723c751e8b465ee728b)
Start importing Assets/Scripts/Inventario/Items using Guid(59867422ff38fb4409ae19b7a02ba1f8) Importer(815301076,1909f56bfc062723c751e8b465ee728b)  -> (artifact id: '0dc6cc26341b38f7a2ebf0f32e059e9a') in 0.017537 seconds 
========================================================================
Received Import Request.
  Time since last request: 20.510811 seconds.
  path: Assets/Scripts/Inventario/Items/ItemArma.cs
  artifactKey: Guid(0b575c17b5824b440a1daa9d2852f567) Importer(815301076,1909f56bfc062723c751e8b465ee728b)
Start importing Assets/Scripts/Inventario/Items/ItemArma.cs using Guid(0b575c17b5824b440a1daa9d2852f567) Importer(815301076,1909f56bfc062723c751e8b465ee728b)  -> (artifact id: '16a9d53da933873930b62f17b792bd6f') in 0.018839 seconds 
========================================================================
Received Prepare
Registering precompiled user dll's ...
Registered in 0.006422 seconds.
Begin MonoManager ReloadAssembly
Symbol file LoadedFromMemory doesn't match image C:\TFG\Library\PackageCache\com.unity.visualscripting@1.7.8\Editor\VisualScripting.Core\Dependencies\YamlDotNet\Unity.VisualScripting.YamlDotNet.dll
Symbol file LoadedFromMemory doesn't match image C:\TFG\Library\PackageCache\com.unity.visualscripting@1.7.8\Editor\VisualScripting.Core\Dependencies\DotNetZip\Unity.VisualScripting.IonicZip.dll
Native extension for WindowsStandalone target not found
Refreshing native plugins compatible for Editor in 0.76 ms, found 4 plugins.
Preloading 0 native plugins for Editor in 0.00 ms.
Mono: successfully reloaded assembly
- Completed reload, in  1.068 seconds
Domain Reload Profiling:
	ReloadAssembly (1068ms)
		BeginReloadAssembly (133ms)
			ExecutionOrderSort (0ms)
			DisableScriptedObjects (8ms)
			BackupInstance (0ms)
			ReleaseScriptingObjects (0ms)
			CreateAndSetChildDomain (42ms)
		EndReloadAssembly (835ms)
			LoadAssemblies (93ms)
			RebuildTransferFunctionScriptingTraits (0ms)
			SetupTypeCache (288ms)
			ReleaseScriptCaches (2ms)
			RebuildScriptCaches (50ms)
			SetupLoadedEditorAssemblies (357ms)
				LogAssemblyErrors (0ms)
				InitializePlatformSupportModulesInManaged (13ms)
				SetLoadedEditorAssemblies (0ms)
				RefreshPlugins (1ms)
				BeforeProcessingInitializeOnLoad (72ms)
				ProcessInitializeOnLoadAttributes (226ms)
				ProcessInitializeOnLoadMethodAttributes (38ms)
				AfterProcessingInitializeOnLoad (5ms)
				EditorAssembliesLoaded (0ms)
			ExecutionOrderSort2 (0ms)
			AwakeInstancesAfterBackupRestoration (8ms)
Platform modules already initialized, skipping
Refreshing native plugins compatible for Editor in 3.76 ms, found 4 plugins.
Preloading 0 native plugins for Editor in 0.00 ms.
Unloading 4246 Unused Serialized files (Serialized files now loaded: 0)
Unloading 33 unused Assets / (289.3 KB). Loaded Objects now: 4842.
Memory consumption went from 163.6 MB to 163.3 MB.
Total: 4.408600 ms (FindLiveObjects: 0.387700 ms CreateObjectMapping: 0.257900 ms MarkObjects: 3.561900 ms  DeleteObjects: 0.199100 ms)

AssetImportParameters requested are different than current active one (requested -> active):
  custom:video-decoder-ogg-theora: a1e56fd34408186e4bbccfd4996cb3dc -> 
  custom:container-muxer-webm: aa71ff27fc2769a1b78a27578f13a17b -> 
  custom:container-demuxer-webm: 4f35f7cbe854078d1ac9338744f61a02 -> 
  custom:video-encoder-webm-vp8: eb34c28f22e8b96e1ab97ce403110664 -> 
  custom:audio-encoder-webm-vorbis: bf7c407c2cedff20999df2af8eb42d56 -> 
  custom:framework-win-MediaFoundation: 216162199b28c13a410421893ffa2e32 -> 
  custom:container-demuxer-ogg: 62fdf1f143b41e24485cea50d1cbac27 -> 
  custom:video-decoder-webm-vp8: 9c59270c3fd7afecdb556c50c9e8de78 -> 
  custom:audio-decoder-ogg-vorbis: bf7c407c2cedff20999df2af8eb42d56 -> 
========================================================================
Received Prepare
Registering precompiled user dll's ...
Registered in 0.010021 seconds.
Begin MonoManager ReloadAssembly
Symbol file LoadedFromMemory doesn't match image C:\TFG\Library\PackageCache\com.unity.visualscripting@1.7.8\Editor\VisualScripting.Core\Dependencies\YamlDotNet\Unity.VisualScripting.YamlDotNet.dll
Symbol file LoadedFromMemory doesn't match image C:\TFG\Library\PackageCache\com.unity.visualscripting@1.7.8\Editor\VisualScripting.Core\Dependencies\DotNetZip\Unity.VisualScripting.IonicZip.dll
Native extension for WindowsStandalone target not found
Refreshing native plugins compatible for Editor in 0.70 ms, found 4 plugins.
Preloading 0 native plugins for Editor in 0.00 ms.
Mono: successfully reloaded assembly
- Completed reload, in  1.174 seconds
Domain Reload Profiling:
	ReloadAssembly (1174ms)
		BeginReloadAssembly (146ms)
			ExecutionOrderSort (0ms)
			DisableScriptedObjects (5ms)
			BackupInstance (0ms)
			ReleaseScriptingObjects (0ms)
			CreateAndSetChildDomain (45ms)
		EndReloadAssembly (908ms)
			LoadAssemblies (104ms)
			RebuildTransferFunctionScriptingTraits (0ms)
			SetupTypeCache (324ms)
			ReleaseScriptCaches (3ms)
			RebuildScriptCaches (54ms)
			SetupLoadedEditorAssemblies (388ms)
				LogAssemblyErrors (0ms)
				InitializePlatformSupportModulesInManaged (11ms)
				SetLoadedEditorAssemblies (1ms)
				RefreshPlugins (1ms)
				BeforeProcessingInitializeOnLoad (75ms)
				ProcessInitializeOnLoadAttributes (251ms)
				ProcessInitializeOnLoadMethodAttributes (43ms)
				AfterProcessingInitializeOnLoad (5ms)
				EditorAssembliesLoaded (0ms)
			ExecutionOrderSort2 (0ms)
			AwakeInstancesAfterBackupRestoration (8ms)
Platform modules already initialized, skipping
Refreshing native plugins compatible for Editor in 2.42 ms, found 4 plugins.
Preloading 0 native plugins for Editor in 0.00 ms.
Unloading 4246 Unused Serialized files (Serialized files now loaded: 0)
Unloading 33 unused Assets / (289.4 KB). Loaded Objects now: 4857.
Memory consumption went from 163.6 MB to 163.3 MB.
Total: 4.617000 ms (FindLiveObjects: 0.423900 ms CreateObjectMapping: 0.252300 ms MarkObjects: 3.601600 ms  DeleteObjects: 0.337400 ms)

AssetImportParameters requested are different than current active one (requested -> active):
  custom:video-decoder-ogg-theora: a1e56fd34408186e4bbccfd4996cb3dc -> 
  custom:container-muxer-webm: aa71ff27fc2769a1b78a27578f13a17b -> 
  custom:container-demuxer-webm: 4f35f7cbe854078d1ac9338744f61a02 -> 
  custom:video-encoder-webm-vp8: eb34c28f22e8b96e1ab97ce403110664 -> 
  custom:audio-encoder-webm-vorbis: bf7c407c2cedff20999df2af8eb42d56 -> 
  custom:framework-win-MediaFoundation: 216162199b28c13a410421893ffa2e32 -> 
  custom:container-demuxer-ogg: 62fdf1f143b41e24485cea50d1cbac27 -> 
  custom:video-decoder-webm-vp8: 9c59270c3fd7afecdb556c50c9e8de78 -> 
  custom:audio-decoder-ogg-vorbis: bf7c407c2cedff20999df2af8eb42d56 -> 
========================================================================
Received Import Request.
  Time since last request: 1311.168270 seconds.
  path: Assets/Scriptableobjet/Items/Armas
  artifactKey: Guid(af2046fa5e0c9d148b52a91cc4eeeee1) Importer(815301076,1909f56bfc062723c751e8b465ee728b)
Start importing Assets/Scriptableobjet/Items/Armas using Guid(af2046fa5e0c9d148b52a91cc4eeeee1) Importer(815301076,1909f56bfc062723c751e8b465ee728b)  -> (artifact id: '49c597070ac44421e0142e404d5223f0') in 0.017689 seconds 
========================================================================
Received Prepare
Registering precompiled user dll's ...
Registered in 0.021752 seconds.
Begin MonoManager ReloadAssembly
Symbol file LoadedFromMemory doesn't match image C:\TFG\Library\PackageCache\com.unity.visualscripting@1.7.8\Editor\VisualScripting.Core\Dependencies\YamlDotNet\Unity.VisualScripting.YamlDotNet.dll
Symbol file LoadedFromMemory doesn't match image C:\TFG\Library\PackageCache\com.unity.visualscripting@1.7.8\Editor\VisualScripting.Core\Dependencies\DotNetZip\Unity.VisualScripting.IonicZip.dll
Native extension for WindowsStandalone target not found
Refreshing native plugins compatible for Editor in 0.81 ms, found 4 plugins.
Preloading 0 native plugins for Editor in 0.00 ms.
Mono: successfully reloaded assembly
- Completed reload, in  1.292 seconds
Domain Reload Profiling:
	ReloadAssembly (1293ms)
		BeginReloadAssembly (152ms)
			ExecutionOrderSort (0ms)
			DisableScriptedObjects (6ms)
			BackupInstance (0ms)
			ReleaseScriptingObjects (0ms)
			CreateAndSetChildDomain (46ms)
		EndReloadAssembly (993ms)
			LoadAssemblies (122ms)
			RebuildTransferFunctionScriptingTraits (0ms)
			SetupTypeCache (294ms)
			ReleaseScriptCaches (3ms)
			RebuildScriptCaches (56ms)
			SetupLoadedEditorAssemblies (470ms)
				LogAssemblyErrors (0ms)
				InitializePlatformSupportModulesInManaged (11ms)
				SetLoadedEditorAssemblies (1ms)
				RefreshPlugins (1ms)
				BeforeProcessingInitializeOnLoad (90ms)
				ProcessInitializeOnLoadAttributes (292ms)
				ProcessInitializeOnLoadMethodAttributes (68ms)
				AfterProcessingInitializeOnLoad (7ms)
				EditorAssembliesLoaded (1ms)
			ExecutionOrderSort2 (0ms)
			AwakeInstancesAfterBackupRestoration (16ms)
Platform modules already initialized, skipping
Refreshing native plugins compatible for Editor in 2.91 ms, found 4 plugins.
Preloading 0 native plugins for Editor in 0.00 ms.
Unloading 4246 Unused Serialized files (Serialized files now loaded: 0)
Unloading 33 unused Assets / (289.4 KB). Loaded Objects now: 4872.
Memory consumption went from 163.6 MB to 163.3 MB.
Total: 3.930600 ms (FindLiveObjects: 0.331700 ms CreateObjectMapping: 0.218100 ms MarkObjects: 3.139700 ms  DeleteObjects: 0.239600 ms)

AssetImportParameters requested are different than current active one (requested -> active):
  custom:video-decoder-ogg-theora: a1e56fd34408186e4bbccfd4996cb3dc -> 
  custom:container-muxer-webm: aa71ff27fc2769a1b78a27578f13a17b -> 
  custom:container-demuxer-webm: 4f35f7cbe854078d1ac9338744f61a02 -> 
  custom:video-encoder-webm-vp8: eb34c28f22e8b96e1ab97ce403110664 -> 
  custom:audio-encoder-webm-vorbis: bf7c407c2cedff20999df2af8eb42d56 -> 
  custom:framework-win-MediaFoundation: 216162199b28c13a410421893ffa2e32 -> 
  custom:container-demuxer-ogg: 62fdf1f143b41e24485cea50d1cbac27 -> 
  custom:video-decoder-webm-vp8: 9c59270c3fd7afecdb556c50c9e8de78 -> 
  custom:audio-decoder-ogg-vorbis: bf7c407c2cedff20999df2af8eb42d56 -> 
========================================================================
Received Import Request.
  Time since last request: 92.945119 seconds.
  path: Assets/Scriptableobjet/Items/Armas/ItemArmaLibre.asset
  artifactKey: Guid(cf3078c4d14d4344dbb98202a6f239d1) Importer(815301076,1909f56bfc062723c751e8b465ee728b)
Start importing Assets/Scriptableobjet/Items/Armas/ItemArmaLibre.asset using Guid(cf3078c4d14d4344dbb98202a6f239d1) Importer(815301076,1909f56bfc062723c751e8b465ee728b)  -> (artifact id: '801a71bdf74031f4039dff39febd93c4') in 0.054360 seconds 
========================================================================
Received Import Request.
  Time since last request: 226.939101 seconds.
  path: Assets/Scriptableobjet/Items/Armas/ItemArmaLibro.asset
  artifactKey: Guid(cf3078c4d14d4344dbb98202a6f239d1) Importer(815301076,1909f56bfc062723c751e8b465ee728b)
Start importing Assets/Scriptableobjet/Items/Armas/ItemArmaLibro.asset using Guid(cf3078c4d14d4344dbb98202a6f239d1) Importer(815301076,1909f56bfc062723c751e8b465ee728b)  -> (artifact id: 'd9e5702e00cee4a9d07658cad94fcc3f') in 0.023869 seconds 
========================================================================
Received Import Request.
  Time since last request: 229.321101 seconds.
  path: Assets/Scriptableobjet/Armas/ArmaMagiaLibro 1.asset
  artifactKey: Guid(0a52ed0cf08b6c64bb9084b12d2d6394) Importer(815301076,1909f56bfc062723c751e8b465ee728b)
Start importing Assets/Scriptableobjet/Armas/ArmaMagiaLibro 1.asset using Guid(0a52ed0cf08b6c64bb9084b12d2d6394) Importer(815301076,1909f56bfc062723c751e8b465ee728b)  -> (artifact id: 'd442fbef826fc79e788e128de2d02697') in 0.016637 seconds 
========================================================================
Received Import Request.
  Time since last request: 6.340376 seconds.
  path: Assets/Scriptableobjet/Armas/ArmaMagiaLibro 2.asset
  artifactKey: Guid(d3171af3f8e392a4fb37110679e7ac31) Importer(815301076,1909f56bfc062723c751e8b465ee728b)
Start importing Assets/Scriptableobjet/Armas/ArmaMagiaLibro 2.asset using Guid(d3171af3f8e392a4fb37110679e7ac31) Importer(815301076,1909f56bfc062723c751e8b465ee728b)  -> (artifact id: 'a5fbdf2aef6147c2e9be1ccb637ca632') in 0.021674 seconds 
========================================================================
Received Import Request.
  Time since last request: 1.906870 seconds.
  path: Assets/Scriptableobjet/Armas/ArmaMagiaLibro 3.asset
  artifactKey: Guid(661ffd2aeb414614d9ddd23c2d67c348) Importer(815301076,1909f56bfc062723c751e8b465ee728b)
Start importing Assets/Scriptableobjet/Armas/ArmaMagiaLibro 3.asset using Guid(661ffd2aeb414614d9ddd23c2d67c348) Importer(815301076,1909f56bfc062723c751e8b465ee728b)  -> (artifact id: '0cd12dad1184edd1b4bf0e9999c780f7') in 0.017203 seconds 
========================================================================
Received Import Request.
  Time since last request: 15.687285 seconds.
  path: Assets/Scriptableobjet/Armas/ArmaMagiaArco.asset
  artifactKey: Guid(0a52ed0cf08b6c64bb9084b12d2d6394) Importer(815301076,1909f56bfc062723c751e8b465ee728b)
Start importing Assets/Scriptableobjet/Armas/ArmaMagiaArco.asset using Guid(0a52ed0cf08b6c64bb9084b12d2d6394) Importer(815301076,1909f56bfc062723c751e8b465ee728b)  -> (artifact id: '103aa148a278eef83622028f84725f85') in 0.018155 seconds 
========================================================================
Received Import Request.
  Time since last request: 50.339723 seconds.
  path: Assets/Scriptableobjet/Armas/ArmaMagiaHueso.asset
  artifactKey: Guid(d3171af3f8e392a4fb37110679e7ac31) Importer(815301076,1909f56bfc062723c751e8b465ee728b)
Start importing Assets/Scriptableobjet/Armas/ArmaMagiaHueso.asset using Guid(d3171af3f8e392a4fb37110679e7ac31) Importer(815301076,1909f56bfc062723c751e8b465ee728b)  -> (artifact id: 'ac23a35e0a7fdf71b142e76d4d31ad56') in 0.020244 seconds 
========================================================================
Received Import Request.
  Time since last request: 14.566434 seconds.
  path: Assets/Scriptableobjet/Armas/ArmaMagiaVara.asset
  artifactKey: Guid(661ffd2aeb414614d9ddd23c2d67c348) Importer(815301076,1909f56bfc062723c751e8b465ee728b)
Start importing Assets/Scriptableobjet/Armas/ArmaMagiaVara.asset using Guid(661ffd2aeb414614d9ddd23c2d67c348) Importer(815301076,1909f56bfc062723c751e8b465ee728b)  -> (artifact id: '3b43a856ba536c4c8caf8e132fa98c3c') in 0.014965 seconds 
========================================================================
Received Import Request.
  Time since last request: 32.388081 seconds.
  path: Assets/Scriptableobjet/Armas/ArmaMagiaVara 1.asset
  artifactKey: Guid(8f77900aec4a7744da1f652a7e5f9806) Importer(815301076,1909f56bfc062723c751e8b465ee728b)
Start importing Assets/Scriptableobjet/Armas/ArmaMagiaVara 1.asset using Guid(8f77900aec4a7744da1f652a7e5f9806) Importer(815301076,1909f56bfc062723c751e8b465ee728b)  -> (artifact id: '13e575f7d3d232da1e75a80bdc589c37') in 0.020074 seconds 
========================================================================
Received Import Request.
  Time since last request: 19.109940 seconds.
  path: Assets/Scriptableobjet/Armas/ArmaMeleeBaston.asset
  artifactKey: Guid(8f77900aec4a7744da1f652a7e5f9806) Importer(815301076,1909f56bfc062723c751e8b465ee728b)
Start importing Assets/Scriptableobjet/Armas/ArmaMeleeBaston.asset using Guid(8f77900aec4a7744da1f652a7e5f9806) Importer(815301076,1909f56bfc062723c751e8b465ee728b)  -> (artifact id: '84bfa2be7314d64f200ad4cdad2ac298') in 0.019516 seconds 
========================================================================
Received Import Request.
  Time since last request: 6.169284 seconds.
  path: Assets/Scriptableobjet/Armas/ArmaMeleeBaston 1.asset
  artifactKey: Guid(c9c88996652be1a4d80a3664507f35a6) Importer(815301076,1909f56bfc062723c751e8b465ee728b)
Start importing Assets/Scriptableobjet/Armas/ArmaMeleeBaston 1.asset using Guid(c9c88996652be1a4d80a3664507f35a6) Importer(815301076,1909f56bfc062723c751e8b465ee728b)  -> (artifact id: '3fdb50dc48c940651b53331778b1683d') in 0.019784 seconds 
========================================================================
Received Import Request.
  Time since last request: 2.149269 seconds.
  path: Assets/Scriptableobjet/Armas/ArmaMeleeBaston 2.asset
  artifactKey: Guid(720cc6070ce233741a39b7a728d8cf15) Importer(815301076,1909f56bfc062723c751e8b465ee728b)
Start importing Assets/Scriptableobjet/Armas/ArmaMeleeBaston 2.asset using Guid(720cc6070ce233741a39b7a728d8cf15) Importer(815301076,1909f56bfc062723c751e8b465ee728b)  -> (artifact id: 'e40ba8590fc6135d3d3bafb2ca3514e3') in 0.015456 seconds 
========================================================================
Received Import Request.
  Time since last request: 0.649847 seconds.
  path: Assets/Scriptableobjet/Armas/ArmaMeleeBaston 3.asset
  artifactKey: Guid(57569d150b3f0fa48a18416e4f5997ec) Importer(815301076,1909f56bfc062723c751e8b465ee728b)
Start importing Assets/Scriptableobjet/Armas/ArmaMeleeBaston 3.asset using Guid(57569d150b3f0fa48a18416e4f5997ec) Importer(815301076,1909f56bfc062723c751e8b465ee728b)  -> (artifact id: '6efae97e35e8ac9daae0527ad03a95a9') in 0.015805 seconds 
========================================================================
Received Import Request.
  Time since last request: 29.969560 seconds.
  path: Assets/Scriptableobjet/Armas/ArmaMeleeEspada.asset
  artifactKey: Guid(c9c88996652be1a4d80a3664507f35a6) Importer(815301076,1909f56bfc062723c751e8b465ee728b)
Start importing Assets/Scriptableobjet/Armas/ArmaMeleeEspada.asset using Guid(c9c88996652be1a4d80a3664507f35a6) Importer(815301076,1909f56bfc062723c751e8b465ee728b)  -> (artifact id: '3f334c3506c5878cfed01101449903a6') in 0.022748 seconds 
========================================================================
Received Import Request.
  Time since last request: 26.205388 seconds.
  path: Assets/Scriptableobjet/Armas/ArmaMeleeTridente.asset
  artifactKey: Guid(57569d150b3f0fa48a18416e4f5997ec) Importer(815301076,1909f56bfc062723c751e8b465ee728b)
Start importing Assets/Scriptableobjet/Armas/ArmaMeleeTridente.asset using Guid(57569d150b3f0fa48a18416e4f5997ec) Importer(815301076,1909f56bfc062723c751e8b465ee728b)  -> (artifact id: '739b984e11c041d244678c998d3abdf5') in 0.022601 seconds 
========================================================================
Received Import Request.
  Time since last request: 26.224022 seconds.
  path: Assets/Scriptableobjet/Armas/ArmaMeleeMazo.asset
  artifactKey: Guid(720cc6070ce233741a39b7a728d8cf15) Importer(815301076,1909f56bfc062723c751e8b465ee728b)
Start importing Assets/Scriptableobjet/Armas/ArmaMeleeMazo.asset using Guid(720cc6070ce233741a39b7a728d8cf15) Importer(815301076,1909f56bfc062723c751e8b465ee728b)  -> (artifact id: 'ebeece2b67d86e83d1438c7dc19c2577') in 0.010977 seconds 
========================================================================
Received Import Request.
  Time since last request: 26.127107 seconds.
  path: Packages/com.unity.2d.psdimporter/Editor/Assets/Icons/Light/Layers Mixed@1x.png
  artifactKey: Guid(92ca921ade6e944868364b1813c7568f) Importer(815301076,1909f56bfc062723c751e8b465ee728b)
Start importing Packages/com.unity.2d.psdimporter/Editor/Assets/Icons/Light/Layers Mixed@1x.png using Guid(92ca921ade6e944868364b1813c7568f) Importer(815301076,1909f56bfc062723c751e8b465ee728b)  -> (artifact id: 'f5e361a75da8fee54b9ef907ba1b75de') in 0.155264 seconds 
========================================================================
Received Import Request.
  Time since last request: 0.000024 seconds.
  path: Packages/com.unity.2d.psdimporter/Editor/Assets/Icons/Dark/Layers Mixed@2x.png
  artifactKey: Guid(f12ec30f9a76d4738bacb26b0c22165d) Importer(815301076,1909f56bfc062723c751e8b465ee728b)
Start importing Packages/com.unity.2d.psdimporter/Editor/Assets/Icons/Dark/Layers Mixed@2x.png using Guid(f12ec30f9a76d4738bacb26b0c22165d) Importer(815301076,1909f56bfc062723c751e8b465ee728b)  -> (artifact id: '8dd5da1a2f13e504a893f41987d4542e') in 0.053178 seconds 
========================================================================
Received Import Request.
  Time since last request: 0.000033 seconds.
  path: Packages/com.unity.2d.psdimporter/Editor/Assets/Icons/Light/Layers Separated@8x.png
  artifactKey: Guid(2634b0c913a9a4431a8702825a79ca31) Importer(815301076,1909f56bfc062723c751e8b465ee728b)
Start importing Packages/com.unity.2d.psdimporter/Editor/Assets/Icons/Light/Layers Separated@8x.png using Guid(2634b0c913a9a4431a8702825a79ca31) Importer(815301076,1909f56bfc062723c751e8b465ee728b)  -> (artifact id: '6ed607ee12b70b5d9583b04d93163dd6') in 0.044912 seconds 
========================================================================
Received Import Request.
  Time since last request: 0.000063 seconds.
  path: Packages/com.unity.2d.psdimporter/Editor/Assets/Icons/Light/Layers Separated@4x.png
  artifactKey: Guid(a4a8b6ebb023f4786b192a65f264a697) Importer(815301076,1909f56bfc062723c751e8b465ee728b)
Start importing Packages/com.unity.2d.psdimporter/Editor/Assets/Icons/Light/Layers Separated@4x.png using Guid(a4a8b6ebb023f4786b192a65f264a697) Importer(815301076,1909f56bfc062723c751e8b465ee728b)  -> (artifact id: '6d08b1e5423c1aa275334fc3ee71e3ce') in 0.047567 seconds 
========================================================================
Received Import Request.
  Time since last request: 0.000067 seconds.
  path: Packages/com.unity.2d.psdimporter/Editor/Assets/Icons/Light/Layers Separated@16x.png
  artifactKey: Guid(0c6027d31d0b44acbb45af1bcf05e0db) Importer(815301076,1909f56bfc062723c751e8b465ee728b)
Start importing Packages/com.unity.2d.psdimporter/Editor/Assets/Icons/Light/Layers Separated@16x.png using Guid(0c6027d31d0b44acbb45af1bcf05e0db) Importer(815301076,1909f56bfc062723c751e8b465ee728b)  -> (artifact id: '5c6eecf8d8d8c5097c6dab25bd814452') in 0.033932 seconds 
========================================================================
Received Import Request.
  Time since last request: 0.000027 seconds.
  path: Packages/com.unity.2d.psdimporter/Editor/Assets/Icons/Selected/Layers Separated@2x.png
  artifactKey: Guid(91897a07e69db49ff88db92f445ba845) Importer(815301076,1909f56bfc062723c751e8b465ee728b)
Start importing Packages/com.unity.2d.psdimporter/Editor/Assets/Icons/Selected/Layers Separated@2x.png using Guid(91897a07e69db49ff88db92f445ba845) Importer(815301076,1909f56bfc062723c751e8b465ee728b)  -> (artifact id: '4c64701bfc15f6d0e5b0aa959ee76e2e') in 0.043211 seconds 
========================================================================
Received Import Request.
  Time since last request: 0.000040 seconds.
  path: Packages/com.unity.2d.psdimporter/Editor/Assets/Icons/Selected/Layers Mixed@4x.png
  artifactKey: Guid(32ae70dfad34e4a56a3f40eaf723f739) Importer(815301076,1909f56bfc062723c751e8b465ee728b)
Start importing Packages/com.unity.2d.psdimporter/Editor/Assets/Icons/Selected/Layers Mixed@4x.png using Guid(32ae70dfad34e4a56a3f40eaf723f739) Importer(815301076,1909f56bfc062723c751e8b465ee728b)  -> (artifact id: '27d5da6880fed3ccbb64b411a38052ab') in 0.045201 seconds 
========================================================================
Received Import Request.
  Time since last request: 0.000055 seconds.
  path: Packages/com.unity.2d.psdimporter/Editor/Assets/Icons/Light/Layers Mixed@4x.png
  artifactKey: Guid(4b3e1d5f95a1a455c917ca9403d9283d) Importer(815301076,1909f56bfc062723c751e8b465ee728b)
Start importing Packages/com.unity.2d.psdimporter/Editor/Assets/Icons/Light/Layers Mixed@4x.png using Guid(4b3e1d5f95a1a455c917ca9403d9283d) Importer(815301076,1909f56bfc062723c751e8b465ee728b)  -> (artifact id: '4993c1355ddb2b480b0b226e8486754b') in 0.033497 seconds 
========================================================================
Received Import Request.
  Time since last request: 0.000041 seconds.
  path: Packages/com.unity.2d.psdimporter/Editor/Assets/Icons/Selected/Layers Mixed@2x.png
  artifactKey: Guid(d7b52ee143e0c4bf09d482ec22428db2) Importer(815301076,1909f56bfc062723c751e8b465ee728b)
Start importing Packages/com.unity.2d.psdimporter/Editor/Assets/Icons/Selected/Layers Mixed@2x.png using Guid(d7b52ee143e0c4bf09d482ec22428db2) Importer(815301076,1909f56bfc062723c751e8b465ee728b)  -> (artifact id: 'ab4393ddc88a7f563c714e031cbbde24') in 0.037481 seconds 
========================================================================
Received Import Request.
  Time since last request: 0.000036 seconds.
  path: Packages/com.unity.2d.psdimporter/Editor/Assets/Icons/Dark/Layers Separated@16x.png
  artifactKey: Guid(1f3420e9f7420411a8aac27743b35e29) Importer(815301076,1909f56bfc062723c751e8b465ee728b)
Start importing Packages/com.unity.2d.psdimporter/Editor/Assets/Icons/Dark/Layers Separated@16x.png using Guid(1f3420e9f7420411a8aac27743b35e29) Importer(815301076,1909f56bfc062723c751e8b465ee728b)  -> (artifact id: 'd47b5dc2fde7dc497f10a968cf1a493c') in 0.049209 seconds 
========================================================================
Received Import Request.
  Time since last request: 0.000134 seconds.
  path: Packages/com.unity.2d.psdimporter/Editor/Assets/Icons/Light/Layers Mixed@2x.png
  artifactKey: Guid(bd2c5ec8522954323aba72f213024f60) Importer(815301076,1909f56bfc062723c751e8b465ee728b)
Start importing Packages/com.unity.2d.psdimporter/Editor/Assets/Icons/Light/Layers Mixed@2x.png using Guid(bd2c5ec8522954323aba72f213024f60) Importer(815301076,1909f56bfc062723c751e8b465ee728b)  -> (artifact id: 'da213dc41f16eacb9d876316a96d5d09') in 0.045490 seconds 
========================================================================
Received Import Request.
  Time since last request: 0.000030 seconds.
  path: Packages/com.unity.2d.psdimporter/Editor/Assets/Icons/Light/Layers Mixed@16x.png
  artifactKey: Guid(8146dbbd8d7184f43bb0049a7ce3ade8) Importer(815301076,1909f56bfc062723c751e8b465ee728b)
Start importing Packages/com.unity.2d.psdimporter/Editor/Assets/Icons/Light/Layers Mixed@16x.png using Guid(8146dbbd8d7184f43bb0049a7ce3ade8) Importer(815301076,1909f56bfc062723c751e8b465ee728b)  -> (artifact id: '3b79a38f53427601b9f2af0ad987f55d') in 0.070961 seconds 
========================================================================
Received Import Request.
  Time since last request: 0.000086 seconds.
  path: Packages/com.unity.2d.psdimporter/Editor/Assets/Icons/Selected/Layers Separated@16x.png
  artifactKey: Guid(5e2b00fc2e687454b8c7dcf6cb8226d7) Importer(815301076,1909f56bfc062723c751e8b465ee728b)
Start importing Packages/com.unity.2d.psdimporter/Editor/Assets/Icons/Selected/Layers Separated@16x.png using Guid(5e2b00fc2e687454b8c7dcf6cb8226d7) Importer(815301076,1909f56bfc062723c751e8b465ee728b)  -> (artifact id: '45b0562ca43610f1af811a8193378e36') in 0.051534 seconds 
========================================================================
Received Import Request.
  Time since last request: 0.000041 seconds.
  path: Packages/com.unity.2d.psdimporter/Editor/Assets/Icons/Dark/Layers Separated@2x.png
  artifactKey: Guid(e269a78d88d514e4c9bde97d573d7e45) Importer(815301076,1909f56bfc062723c751e8b465ee728b)
Start importing Packages/com.unity.2d.psdimporter/Editor/Assets/Icons/Dark/Layers Separated@2x.png using Guid(e269a78d88d514e4c9bde97d573d7e45) Importer(815301076,1909f56bfc062723c751e8b465ee728b)  -> (artifact id: 'cff500fb3374038ccd39532802a2af76') in 0.041817 seconds 
========================================================================
Received Import Request.
  Time since last request: 0.000034 seconds.
  path: Packages/com.unity.2d.psdimporter/Editor/Assets/Icons/Light/Layers Separated@1x.png
  artifactKey: Guid(7d9554fa1b4bb4fe9a5b1248eaa02ad1) Importer(815301076,1909f56bfc062723c751e8b465ee728b)
Start importing Packages/com.unity.2d.psdimporter/Editor/Assets/Icons/Light/Layers Separated@1x.png using Guid(7d9554fa1b4bb4fe9a5b1248eaa02ad1) Importer(815301076,1909f56bfc062723c751e8b465ee728b)  -> (artifact id: '638d0d30844cfbb4b311a74ec53504ec') in 0.047329 seconds 
========================================================================
Received Import Request.
  Time since last request: 0.909969 seconds.
  path: Assets/Sprites/Personajes/NPC/OldMan2/SeparateAnim/Walk.png
  artifactKey: Guid(f76cd99b890104d46bb2e96dc1fc753b) Importer(815301076,1909f56bfc062723c751e8b465ee728b)
Start importing Assets/Sprites/Personajes/NPC/OldMan2/SeparateAnim/Walk.png using Guid(f76cd99b890104d46bb2e96dc1fc753b) Importer(815301076,1909f56bfc062723c751e8b465ee728b)  -> (artifact id: 'dd757ba7cbf1eb9949ef01023da10969') in 0.082158 seconds 
========================================================================
Received Import Request.
  Time since last request: 8.703249 seconds.
  path: Packages/com.unity.2d.animation/Editor/Assets/SkinningModule/Icons/Dark/d_Parent_Bone@3x.png
  artifactKey: Guid(ebda3a880d7c2f14999e6ef07ebbd37d) Importer(815301076,1909f56bfc062723c751e8b465ee728b)
Start importing Packages/com.unity.2d.animation/Editor/Assets/SkinningModule/Icons/Dark/d_Parent_Bone@3x.png using Guid(ebda3a880d7c2f14999e6ef07ebbd37d) Importer(815301076,1909f56bfc062723c751e8b465ee728b)  -> (artifact id: '5df91785f4ee34d08e46ee61a1ce75d4') in 0.054829 seconds 
========================================================================
Received Import Request.
  Time since last request: 0.000049 seconds.
  path: Packages/com.unity.2d.animation/Editor/Assets/SkinningModule/Icons/Dark/d_Paste@4x.png
  artifactKey: Guid(35a3340b835c797478eb139353421953) Importer(815301076,1909f56bfc062723c751e8b465ee728b)
Start importing Packages/com.unity.2d.animation/Editor/Assets/SkinningModule/Icons/Dark/d_Paste@4x.png using Guid(35a3340b835c797478eb139353421953) Importer(815301076,1909f56bfc062723c751e8b465ee728b)  -> (artifact id: '6b0e83243d37262cce8177313ef2d2a5') in 0.068635 seconds 
========================================================================
Received Import Request.
  Time since last request: 0.000057 seconds.
  path: Packages/com.unity.collab-proxy/Editor/PlasticSCM/Assets/Images/d_step2.png
  artifactKey: Guid(897c3a3f5c4038345a7143573bbb4a40) Importer(815301076,1909f56bfc062723c751e8b465ee728b)
Start importing Packages/com.unity.collab-proxy/Editor/PlasticSCM/Assets/Images/d_step2.png using Guid(897c3a3f5c4038345a7143573bbb4a40) Importer(815301076,1909f56bfc062723c751e8b465ee728b)  -> (artifact id: 'fe1ea6ab75d5c20a7b90523a686b9e1d') in 0.081910 seconds 
========================================================================
Received Import Request.
  Time since last request: 0.000059 seconds.
  path: Packages/com.unity.collab-proxy/Editor/PlasticSCM/Assets/Images/d_step3.png
  artifactKey: Guid(46930b20180b59e46b73494adf53abbb) Importer(815301076,1909f56bfc062723c751e8b465ee728b)
Start importing Packages/com.unity.collab-proxy/Editor/PlasticSCM/Assets/Images/d_step3.png using Guid(46930b20180b59e46b73494adf53abbb) Importer(815301076,1909f56bfc062723c751e8b465ee728b)  -> (artifact id: '302ae01a3c324c4de8cf98aaaa015c4c') in 0.073761 seconds 
========================================================================
Received Import Request.
  Time since last request: 0.000068 seconds.
  path: Packages/com.unity.collab-proxy/Editor/PlasticSCM/Assets/Images/d_step1@2x.png
  artifactKey: Guid(c8a69ecdf54ac8e4b873466605de27ff) Importer(815301076,1909f56bfc062723c751e8b465ee728b)
Start importing Packages/com.unity.collab-proxy/Editor/PlasticSCM/Assets/Images/d_step1@2x.png using Guid(c8a69ecdf54ac8e4b873466605de27ff) Importer(815301076,1909f56bfc062723c751e8b465ee728b)  -> (artifact id: 'dd164e3b7362ee672c93ef735b4a6c1f') in 0.063074 seconds 
========================================================================
Received Import Request.
  Time since last request: 19.688444 seconds.
  path: Packages/com.unity.2d.spriteshape/Editor/ObjectMenuCreation/DefaultAssets/Textures/Sprite Shape Fill.png
  artifactKey: Guid(b281b91a70a624a0da1c43adc1c30c7b) Importer(815301076,1909f56bfc062723c751e8b465ee728b)
Start importing Packages/com.unity.2d.spriteshape/Editor/ObjectMenuCreation/DefaultAssets/Textures/Sprite Shape Fill.png using Guid(b281b91a70a624a0da1c43adc1c30c7b) Importer(815301076,1909f56bfc062723c751e8b465ee728b)  -> (artifact id: '3bd29441776b9b723c505daa316775e9') in 0.065545 seconds 
========================================================================
Received Import Request.
  Time since last request: 10.930106 seconds.
  path: Assets/Sprites/Mapa/TilesetElement - copia.png
  artifactKey: Guid(d14d750d2222919419f503b4daadd09e) Importer(815301076,1909f56bfc062723c751e8b465ee728b)
Start importing Assets/Sprites/Mapa/TilesetElement - copia.png using Guid(d14d750d2222919419f503b4daadd09e) Importer(815301076,1909f56bfc062723c751e8b465ee728b)  -> (artifact id: 'ac307c26dcfb3338f4ececae49ad63d9') in 0.028201 seconds 
========================================================================
Received Import Request.
  Time since last request: 31.256566 seconds.
  path: Packages/com.unity.2d.animation/Editor/Assets/SkinningModule/Icons/Selected/Paste.png
  artifactKey: Guid(50eb3d76f731b5e46a7b8a0a52d93ef9) Importer(815301076,1909f56bfc062723c751e8b465ee728b)
Start importing Packages/com.unity.2d.animation/Editor/Assets/SkinningModule/Icons/Selected/Paste.png using Guid(50eb3d76f731b5e46a7b8a0a52d93ef9) Importer(815301076,1909f56bfc062723c751e8b465ee728b)  -> (artifact id: 'c5fc8227c8d61d860b8969d6fa6ecd8d') in 0.058616 seconds 
========================================================================
Received Import Request.
  Time since last request: 1.945291 seconds.
  path: Assets/Sprites/Personajes/NPC/ciclos3-1 (2).png
  artifactKey: Guid(39712ff7ccc72f945b95a4a7bce05976) Importer(815301076,1909f56bfc062723c751e8b465ee728b)
Start importing Assets/Sprites/Personajes/NPC/ciclos3-1 (2).png using Guid(39712ff7ccc72f945b95a4a7bce05976) Importer(815301076,1909f56bfc062723c751e8b465ee728b)  -> (artifact id: '7c9d1ee3a89468217cf7bd353b6f97a1') in 0.039259 seconds 
========================================================================
Received Import Request.
  Time since last request: 31.279921 seconds.
  path: Assets/Sprites/Items/Tesoros/LlaveDorada.png
  artifactKey: Guid(786f66e086e23f14d822f24149101ea6) Importer(815301076,1909f56bfc062723c751e8b465ee728b)
Start importing Assets/Sprites/Items/Tesoros/LlaveDorada.png using Guid(786f66e086e23f14d822f24149101ea6) Importer(815301076,1909f56bfc062723c751e8b465ee728b)  -> (artifact id: '125522bfa1a6918503fd3308bd8b9adf') in 0.037217 seconds 
========================================================================
Received Import Request.
  Time since last request: 16.240333 seconds.
  path: Packages/com.unity.collab-proxy/Editor/PlasticSCM/Assets/Images/d_secondarytabclosehover.png
  artifactKey: Guid(6a9d211bea1bc4a429d86cbb2d0b0a3e) Importer(815301076,1909f56bfc062723c751e8b465ee728b)
Start importing Packages/com.unity.collab-proxy/Editor/PlasticSCM/Assets/Images/d_secondarytabclosehover.png using Guid(6a9d211bea1bc4a429d86cbb2d0b0a3e) Importer(815301076,1909f56bfc062723c751e8b465ee728b)  -> (artifact id: 'e501dfc1ac4da302ec1b84959c2aeff3') in 0.084070 seconds 
========================================================================
Received Import Request.
  Time since last request: 18.674734 seconds.
  path: Assets/Scriptableobjet/Dialogos/NPCs_Dia/photo_2023-05-06_16-32-56.jpg
  artifactKey: Guid(bc904935bf1476e4192d67b473882d8d) Importer(815301076,1909f56bfc062723c751e8b465ee728b)
Start importing Assets/Scriptableobjet/Dialogos/NPCs_Dia/photo_2023-05-06_16-32-56.jpg using Guid(bc904935bf1476e4192d67b473882d8d) Importer(815301076,1909f56bfc062723c751e8b465ee728b)  -> (artifact id: 'a00710bb889f7a4cb9cdce6921d3560e') in 0.086135 seconds 
========================================================================
Received Import Request.
  Time since last request: 79.327191 seconds.
  path: Assets/Scriptableobjet/Armas/ArmaMagiaTridente.asset
  artifactKey: Guid(57569d150b3f0fa48a18416e4f5997ec) Importer(815301076,1909f56bfc062723c751e8b465ee728b)
Start importing Assets/Scriptableobjet/Armas/ArmaMagiaTridente.asset using Guid(57569d150b3f0fa48a18416e4f5997ec) Importer(815301076,1909f56bfc062723c751e8b465ee728b)  -> (artifact id: 'f403963c1f01c4a9718ec1eebadbd050') in 0.024525 seconds 
========================================================================
Received Import Request.
  Time since last request: 18.148648 seconds.
  path: Packages/com.unity.2d.animation/Editor/Assets/SkinningModule/Icons/Selected/Generate_Geometry.png
  artifactKey: Guid(41842964c48860f46b45e7b3d5986e07) Importer(815301076,1909f56bfc062723c751e8b465ee728b)
Start importing Packages/com.unity.2d.animation/Editor/Assets/SkinningModule/Icons/Selected/Generate_Geometry.png using Guid(41842964c48860f46b45e7b3d5986e07) Importer(815301076,1909f56bfc062723c751e8b465ee728b)  -> (artifact id: '38c1a6fa21fecd3349198d1b9667abed') in 0.077718 seconds 
========================================================================
Received Import Request.
  Time since last request: 0.000078 seconds.
  path: Packages/com.unity.2d.animation/Editor/Assets/SkinningModule/Icons/Light/Generate_Geometry@4x.png
  artifactKey: Guid(a4c77cea19fd0f84581d6e437a86290c) Importer(815301076,1909f56bfc062723c751e8b465ee728b)
Start importing Packages/com.unity.2d.animation/Editor/Assets/SkinningModule/Icons/Light/Generate_Geometry@4x.png using Guid(a4c77cea19fd0f84581d6e437a86290c) Importer(815301076,1909f56bfc062723c751e8b465ee728b)  -> (artifact id: '146c6bdf7289dc34875c89e9f61653cd') in 0.054585 seconds 
========================================================================
Received Import Request.
  Time since last request: 0.000072 seconds.
  path: Packages/com.unity.2d.animation/Editor/Assets/SkinningModule/Icons/Selected/Generate_Geometry@2x.png
  artifactKey: Guid(114d4aa7bb14433489b942bb28ff6183) Importer(815301076,1909f56bfc062723c751e8b465ee728b)
Start importing Packages/com.unity.2d.animation/Editor/Assets/SkinningModule/Icons/Selected/Generate_Geometry@2x.png using Guid(114d4aa7bb14433489b942bb28ff6183) Importer(815301076,1909f56bfc062723c751e8b465ee728b)  -> (artifact id: 'cbe2b4eb215b70d365c2eddc99669e8d') in 0.051180 seconds 
========================================================================
Received Import Request.
  Time since last request: 0.000034 seconds.
  path: Packages/com.unity.2d.animation/Editor/Assets/SkinningModule/Icons/Selected/Generate_Geometry@3x.png
  artifactKey: Guid(a581ff3810b2e0a4690cddcf7634ed22) Importer(815301076,1909f56bfc062723c751e8b465ee728b)
Start importing Packages/com.unity.2d.animation/Editor/Assets/SkinningModule/Icons/Selected/Generate_Geometry@3x.png using Guid(a581ff3810b2e0a4690cddcf7634ed22) Importer(815301076,1909f56bfc062723c751e8b465ee728b)  -> (artifact id: '2ac3c0a4a256dcf55f91d958a9c6a2fe') in 0.041628 seconds 
========================================================================
Received Import Request.
  Time since last request: 192.830757 seconds.
  path: Assets/Scriptableobjet/Armas/ArmaMagiaHueso.asset
  artifactKey: Guid(d3171af3f8e392a4fb37110679e7ac31) Importer(815301076,1909f56bfc062723c751e8b465ee728b)
Start importing Assets/Scriptableobjet/Armas/ArmaMagiaHueso.asset using Guid(d3171af3f8e392a4fb37110679e7ac31) Importer(815301076,1909f56bfc062723c751e8b465ee728b)  -> (artifact id: '08a84ccb6ff41f1713ea8a0d04a717d2') in 0.009125 seconds 
========================================================================
Received Import Request.
  Time since last request: 0.010049 seconds.
  path: Assets/Scriptableobjet/Armas/ArmaMeleeBaston.asset
  artifactKey: Guid(8f77900aec4a7744da1f652a7e5f9806) Importer(815301076,1909f56bfc062723c751e8b465ee728b)
Start importing Assets/Scriptableobjet/Armas/ArmaMeleeBaston.asset using Guid(8f77900aec4a7744da1f652a7e5f9806) Importer(815301076,1909f56bfc062723c751e8b465ee728b)  -> (artifact id: '112eb2f901fef7e495f5485a0ff8eee5') in 0.005547 seconds 
========================================================================
Received Import Request.
  Time since last request: 0.000094 seconds.
  path: Assets/Scriptableobjet/Armas/ArmaMeleeEspada.asset
  artifactKey: Guid(c9c88996652be1a4d80a3664507f35a6) Importer(815301076,1909f56bfc062723c751e8b465ee728b)
Start importing Assets/Scriptableobjet/Armas/ArmaMeleeEspada.asset using Guid(c9c88996652be1a4d80a3664507f35a6) Importer(815301076,1909f56bfc062723c751e8b465ee728b)  -> (artifact id: 'aa0b55bb58ca2c7c0aa293b7cd660e6c') in 0.009522 seconds 
Editor requested this worker to shutdown with reason: Scaling down because of idle timeout
AssetImportWorker is now disconnected from the server
Process exiting
Exiting without the bug reporter. Application will terminate with return code 0