Using pre-set license
Built from '2021.3/staging' branch; Version is '2021.3.13f1 (9e7d58001ecf) revision 10386776'; Using compiler version '192829333'; Build Type 'Release'
OS: 'Windows 11  (10.0.22621) 64bit Professional' Language: 'es' Physical Memory: 20275 MB
BatchMode: 1, IsHumanControllingUs: 0, StartBugReporterOnCrash: 0, Is64bit: 1, IsPro: 1

COMMAND LINE ARGUMENTS:
C:\Program Files\Unity\Hub\Editor\2021.3.13f1\Editor\Unity.exe
-adb2
-batchMode
-noUpm
-name
AssetImportWorker4
-projectPath
C:/TFG
-logFile
Logs/AssetImportWorker4.log
-srvPort
50908
Successfully changed project path to: C:/TFG
C:/TFG
[UnityMemory] Configuration Parameters - Can be set up in boot.config
    "memorysetup-bucket-allocator-granularity=16"
    "memorysetup-bucket-allocator-bucket-count=8"
    "memorysetup-bucket-allocator-block-size=33554432"
    "memorysetup-bucket-allocator-block-count=8"
    "memorysetup-main-allocator-block-size=16777216"
    "memorysetup-thread-allocator-block-size=16777216"
    "memorysetup-gfx-main-allocator-block-size=16777216"
    "memorysetup-gfx-thread-allocator-block-size=16777216"
    "memorysetup-cache-allocator-block-size=4194304"
    "memorysetup-typetree-allocator-block-size=2097152"
    "memorysetup-profiler-bucket-allocator-granularity=16"
    "memorysetup-profiler-bucket-allocator-bucket-count=8"
    "memorysetup-profiler-bucket-allocator-block-size=33554432"
    "memorysetup-profiler-bucket-allocator-block-count=8"
    "memorysetup-profiler-allocator-block-size=16777216"
    "memorysetup-profiler-editor-allocator-block-size=1048576"
    "memorysetup-temp-allocator-size-main=16777216"
    "memorysetup-job-temp-allocator-block-size=2097152"
    "memorysetup-job-temp-allocator-block-size-background=1048576"
    "memorysetup-job-temp-allocator-reduction-small-platforms=262144"
    "memorysetup-temp-allocator-size-background-worker=32768"
    "memorysetup-temp-allocator-size-job-worker=262144"
    "memorysetup-temp-allocator-size-preload-manager=33554432"
    "memorysetup-temp-allocator-size-nav-mesh-worker=65536"
    "memorysetup-temp-allocator-size-audio-worker=65536"
    "memorysetup-temp-allocator-size-cloud-worker=32768"
    "memorysetup-temp-allocator-size-gi-baking-worker=262144"
    "memorysetup-temp-allocator-size-gfx=262144"
Refreshing native plugins compatible for Editor in 174.51 ms, found 4 plugins.
Preloading 0 native plugins for Editor in 0.00 ms.
Initialize engine version: 2021.3.13f1 (9e7d58001ecf)
[Subsystems] Discovering subsystems at path C:/Program Files/Unity/Hub/Editor/2021.3.13f1/Editor/Data/Resources/UnitySubsystems
[Subsystems] Discovering subsystems at path C:/TFG/Assets
GfxDevice: creating device client; threaded=0; jobified=0
Direct3D:
    Version:  Direct3D 11.0 [level 11.1]
    Renderer: Intel(R) Iris(R) Plus Graphics (ID=0x8a52)
    Vendor:   Intel
    VRAM:     10137 MB
    Driver:   27.20.100.9664
Initialize mono
Mono path[0] = 'C:/Program Files/Unity/Hub/Editor/2021.3.13f1/Editor/Data/Managed'
Mono path[1] = 'C:/Program Files/Unity/Hub/Editor/2021.3.13f1/Editor/Data/MonoBleedingEdge/lib/mono/unityjit-win32'
Mono config path = 'C:/Program Files/Unity/Hub/Editor/2021.3.13f1/Editor/Data/MonoBleedingEdge/etc'
Using monoOptions --debugger-agent=transport=dt_socket,embedding=1,server=y,suspend=n,address=127.0.0.1:56740
Begin MonoManager ReloadAssembly
Registering precompiled unity dll's ...
Register platform support module: C:/Program Files/Unity/Hub/Editor/2021.3.13f1/Editor/Data/PlaybackEngines/WindowsStandaloneSupport/UnityEditor.WindowsStandalone.Extensions.dll
Registered in 0.005854 seconds.
Native extension for WindowsStandalone target not found
Refreshing native plugins compatible for Editor in 141.04 ms, found 4 plugins.
Preloading 0 native plugins for Editor in 0.00 ms.
Mono: successfully reloaded assembly
- Completed reload, in  0.990 seconds
Domain Reload Profiling:
	ReloadAssembly (990ms)
		BeginReloadAssembly (104ms)
			ExecutionOrderSort (0ms)
			DisableScriptedObjects (0ms)
			BackupInstance (0ms)
			ReleaseScriptingObjects (0ms)
			CreateAndSetChildDomain (1ms)
		EndReloadAssembly (732ms)
			LoadAssemblies (102ms)
			RebuildTransferFunctionScriptingTraits (0ms)
			SetupTypeCache (155ms)
			ReleaseScriptCaches (0ms)
			RebuildScriptCaches (40ms)
			SetupLoadedEditorAssemblies (461ms)
				LogAssemblyErrors (0ms)
				InitializePlatformSupportModulesInManaged (9ms)
				SetLoadedEditorAssemblies (0ms)
				RefreshPlugins (141ms)
				BeforeProcessingInitializeOnLoad (5ms)
				ProcessInitializeOnLoadAttributes (235ms)
				ProcessInitializeOnLoadMethodAttributes (71ms)
				AfterProcessingInitializeOnLoad (0ms)
				EditorAssembliesLoaded (0ms)
			ExecutionOrderSort2 (0ms)
			AwakeInstancesAfterBackupRestoration (0ms)
Platform modules already initialized, skipping
Registering precompiled user dll's ...
Registered in 0.007900 seconds.
Begin MonoManager ReloadAssembly
Symbol file LoadedFromMemory doesn't match image C:\TFG\Library\PackageCache\com.unity.visualscripting@1.7.8\Editor\VisualScripting.Core\Dependencies\YamlDotNet\Unity.VisualScripting.YamlDotNet.dll
Symbol file LoadedFromMemory doesn't match image C:\TFG\Library\PackageCache\com.unity.visualscripting@1.7.8\Editor\VisualScripting.Core\Dependencies\DotNetZip\Unity.VisualScripting.IonicZip.dll
Native extension for WindowsStandalone target not found
Refreshing native plugins compatible for Editor in 129.06 ms, found 4 plugins.
Preloading 0 native plugins for Editor in 0.00 ms.
Mono: successfully reloaded assembly
- Completed reload, in  1.737 seconds
Domain Reload Profiling:
	ReloadAssembly (1739ms)
		BeginReloadAssembly (150ms)
			ExecutionOrderSort (0ms)
			DisableScriptedObjects (9ms)
			BackupInstance (0ms)
			ReleaseScriptingObjects (0ms)
			CreateAndSetChildDomain (25ms)
		EndReloadAssembly (1420ms)
			LoadAssemblies (122ms)
			RebuildTransferFunctionScriptingTraits (0ms)
			SetupTypeCache (367ms)
			ReleaseScriptCaches (1ms)
			RebuildScriptCaches (101ms)
			SetupLoadedEditorAssemblies (753ms)
				LogAssemblyErrors (0ms)
				InitializePlatformSupportModulesInManaged (6ms)
				SetLoadedEditorAssemblies (0ms)
				RefreshPlugins (129ms)
				BeforeProcessingInitializeOnLoad (129ms)
				ProcessInitializeOnLoadAttributes (403ms)
				ProcessInitializeOnLoadMethodAttributes (77ms)
				AfterProcessingInitializeOnLoad (8ms)
				EditorAssembliesLoaded (0ms)
			ExecutionOrderSort2 (0ms)
			AwakeInstancesAfterBackupRestoration (9ms)
Platform modules already initialized, skipping
========================================================================
Worker process is ready to serve import requests
Launched and connected shader compiler UnityShaderCompiler.exe after 0.05 seconds
Refreshing native plugins compatible for Editor in 0.89 ms, found 4 plugins.
Preloading 0 native plugins for Editor in 0.00 ms.
Unloading 4251 Unused Serialized files (Serialized files now loaded: 0)
Unloading 58 unused Assets / (323.2 KB). Loaded Objects now: 4701.
Memory consumption went from 160.1 MB to 159.7 MB.
Total: 3.473300 ms (FindLiveObjects: 0.362200 ms CreateObjectMapping: 0.171400 ms MarkObjects: 2.740500 ms  DeleteObjects: 0.196900 ms)

AssetImportParameters requested are different than current active one (requested -> active):
  custom:video-decoder-ogg-theora: a1e56fd34408186e4bbccfd4996cb3dc -> 
  custom:container-muxer-webm: aa71ff27fc2769a1b78a27578f13a17b -> 
  custom:container-demuxer-webm: 4f35f7cbe854078d1ac9338744f61a02 -> 
  custom:video-encoder-webm-vp8: eb34c28f22e8b96e1ab97ce403110664 -> 
  custom:audio-encoder-webm-vorbis: bf7c407c2cedff20999df2af8eb42d56 -> 
  custom:framework-win-MediaFoundation: 216162199b28c13a410421893ffa2e32 -> 
  custom:container-demuxer-ogg: 62fdf1f143b41e24485cea50d1cbac27 -> 
  custom:video-decoder-webm-vp8: 9c59270c3fd7afecdb556c50c9e8de78 -> 
  custom:audio-decoder-ogg-vorbis: bf7c407c2cedff20999df2af8eb42d56 -> 
========================================================================
Received Import Request.
  Time since last request: 11024.230407 seconds.
  path: Assets/Prefabs/Mapa/Decoracion/Cajonera.prefab
  artifactKey: Guid(d3f03f4a527b958448ab3c9ab0ff06bc) Importer(815301076,1909f56bfc062723c751e8b465ee728b)
Start importing Assets/Prefabs/Mapa/Decoracion/Cajonera.prefab using Guid(d3f03f4a527b958448ab3c9ab0ff06bc) Importer(815301076,1909f56bfc062723c751e8b465ee728b)  -> (artifact id: 'fecc7bd4dcb5d321d0e076a8913f9980') in 0.156645 seconds 
========================================================================
Received Import Request.
  Time since last request: 39.085415 seconds.
  path: Packages/com.unity.2d.animation/Editor/Assets/SkinningModule/Icons/Dark/d_Mesh.png
  artifactKey: Guid(f4e90b0a1e5a5bc46897cdcf5a142111) Importer(815301076,1909f56bfc062723c751e8b465ee728b)
Start importing Packages/com.unity.2d.animation/Editor/Assets/SkinningModule/Icons/Dark/d_Mesh.png using Guid(f4e90b0a1e5a5bc46897cdcf5a142111) Importer(815301076,1909f56bfc062723c751e8b465ee728b)  -> (artifact id: '38c6699e6b33c97c776ddc2099acb3b1') in 0.066586 seconds 
========================================================================
Received Import Request.
  Time since last request: 0.000039 seconds.
  path: Packages/com.unity.2d.animation/Editor/Assets/SkinningModule/Icons/Dark/d_Mesh@3x.png
  artifactKey: Guid(7a1683154a74c9d4e9f993bd6c54f947) Importer(815301076,1909f56bfc062723c751e8b465ee728b)
Start importing Packages/com.unity.2d.animation/Editor/Assets/SkinningModule/Icons/Dark/d_Mesh@3x.png using Guid(7a1683154a74c9d4e9f993bd6c54f947) Importer(815301076,1909f56bfc062723c751e8b465ee728b)  -> (artifact id: 'd7135c4b70ceb29699e5d3090247daaf') in 0.037576 seconds 
========================================================================
Received Import Request.
  Time since last request: 0.000033 seconds.
  path: Packages/com.unity.2d.animation/Editor/Assets/SkinningModule/Icons/Dark/d_Mesh@2x.png
  artifactKey: Guid(fc8dcc4a15d828e4686470389805489c) Importer(815301076,1909f56bfc062723c751e8b465ee728b)
Start importing Packages/com.unity.2d.animation/Editor/Assets/SkinningModule/Icons/Dark/d_Mesh@2x.png using Guid(fc8dcc4a15d828e4686470389805489c) Importer(815301076,1909f56bfc062723c751e8b465ee728b)  -> (artifact id: 'e5331f41c4532abde373b5ae199a0706') in 0.038913 seconds 
========================================================================
Received Import Request.
  Time since last request: 0.000050 seconds.
  path: Packages/com.unity.2d.animation/Editor/Assets/SkinningModule/Icons/Dark/d_Mesh@4x.png
  artifactKey: Guid(39b89ea328c2cad4abef27aedb17a4a3) Importer(815301076,1909f56bfc062723c751e8b465ee728b)
Start importing Packages/com.unity.2d.animation/Editor/Assets/SkinningModule/Icons/Dark/d_Mesh@4x.png using Guid(39b89ea328c2cad4abef27aedb17a4a3) Importer(815301076,1909f56bfc062723c751e8b465ee728b)  -> (artifact id: '1f2261f24ccbde9651fcd149be16f1d0') in 0.038535 seconds 
========================================================================
Received Import Request.
  Time since last request: 0.000039 seconds.
  path: Packages/com.unity.2d.animation/Editor/Assets/SkinningModule/Icons/Light/Mesh@4x.png
  artifactKey: Guid(953b8abb3b6548c4294b547c2f473be0) Importer(815301076,1909f56bfc062723c751e8b465ee728b)
Start importing Packages/com.unity.2d.animation/Editor/Assets/SkinningModule/Icons/Light/Mesh@4x.png using Guid(953b8abb3b6548c4294b547c2f473be0) Importer(815301076,1909f56bfc062723c751e8b465ee728b)  -> (artifact id: '46e3fb6b2af5874961eb11e318497381') in 0.037743 seconds 
========================================================================
Received Import Request.
  Time since last request: 0.000055 seconds.
  path: Packages/com.unity.2d.animation/Editor/Assets/SkinningModule/Icons/Light/Mesh@2x.png
  artifactKey: Guid(242f58a86f3ee8e418809e5fc269d531) Importer(815301076,1909f56bfc062723c751e8b465ee728b)
Start importing Packages/com.unity.2d.animation/Editor/Assets/SkinningModule/Icons/Light/Mesh@2x.png using Guid(242f58a86f3ee8e418809e5fc269d531) Importer(815301076,1909f56bfc062723c751e8b465ee728b)  -> (artifact id: '6a3d291e19a2c63ab258d17aad0e296b') in 0.034490 seconds 
========================================================================
Received Import Request.
  Time since last request: 27.394334 seconds.
  path: Assets/Prefabs/Mapa/Decoracion/Mesa.prefab
  artifactKey: Guid(a3151027f34eb514cb06b20d13d48905) Importer(815301076,1909f56bfc062723c751e8b465ee728b)
Start importing Assets/Prefabs/Mapa/Decoracion/Mesa.prefab using Guid(a3151027f34eb514cb06b20d13d48905) Importer(815301076,1909f56bfc062723c751e8b465ee728b)  -> (artifact id: 'c7473f07d3ede8668dae1a5261535ef7') in 0.023302 seconds 
========================================================================
Received Import Request.
  Time since last request: 120.311048 seconds.
  path: Assets/Sprites/Mapa/Mapa_Tierra.png
  artifactKey: Guid(c883ec0e69532104386669026a705f64) Importer(815301076,1909f56bfc062723c751e8b465ee728b)
Start importing Assets/Sprites/Mapa/Mapa_Tierra.png using Guid(c883ec0e69532104386669026a705f64) Importer(815301076,1909f56bfc062723c751e8b465ee728b)  -> (artifact id: '22179b03d467c8cc56ea3ba7cecda038') in 0.456921 seconds 
========================================================================
Received Import Request.
  Time since last request: 2.227551 seconds.
  path: Assets/Sprites/UI/Dialog/YesButton.png
  artifactKey: Guid(6fc4546b53d76534eb69d5568f49f4f9) Importer(815301076,1909f56bfc062723c751e8b465ee728b)
Start importing Assets/Sprites/UI/Dialog/YesButton.png using Guid(6fc4546b53d76534eb69d5568f49f4f9) Importer(815301076,1909f56bfc062723c751e8b465ee728b)  -> (artifact id: 'fcb658b6432dccd471150d8f2131ba86') in 0.042396 seconds 
========================================================================
Received Import Request.
  Time since last request: 3.172095 seconds.
  path: Packages/com.unity.2d.animation/Editor/Assets/SkinningModule/Icons/Selected/d_Visibility_Tool@3x.png
  artifactKey: Guid(46d5b7ee1aaae3c4d9fd3a54774428d5) Importer(815301076,1909f56bfc062723c751e8b465ee728b)
Start importing Packages/com.unity.2d.animation/Editor/Assets/SkinningModule/Icons/Selected/d_Visibility_Tool@3x.png using Guid(46d5b7ee1aaae3c4d9fd3a54774428d5) Importer(815301076,1909f56bfc062723c751e8b465ee728b)  -> (artifact id: '96c2f46ae57f7800e7119b552887f385') in 0.044136 seconds 
========================================================================
Received Import Request.
  Time since last request: 0.000050 seconds.
  path: Packages/com.unity.2d.animation/Editor/Assets/SkinningModule/Icons/Dark/d_Visibility_Tool@4x.png
  artifactKey: Guid(575e67e67fc4b3349bef2112e32f0be3) Importer(815301076,1909f56bfc062723c751e8b465ee728b)
Start importing Packages/com.unity.2d.animation/Editor/Assets/SkinningModule/Icons/Dark/d_Visibility_Tool@4x.png using Guid(575e67e67fc4b3349bef2112e32f0be3) Importer(815301076,1909f56bfc062723c751e8b465ee728b)  -> (artifact id: '93f233dba4a71c50a4de701c6f2bca8e') in 0.041182 seconds 
========================================================================
Received Import Request.
  Time since last request: 0.000041 seconds.
  path: Assets/Sprites/UI/Dialog/DialogueBoxSimple.png
  artifactKey: Guid(92d9c6381a3e9e54cb3413f1265c4abd) Importer(815301076,1909f56bfc062723c751e8b465ee728b)
Start importing Assets/Sprites/UI/Dialog/DialogueBoxSimple.png using Guid(92d9c6381a3e9e54cb3413f1265c4abd) Importer(815301076,1909f56bfc062723c751e8b465ee728b)  -> (artifact id: 'c4b53e595b863fb97b06e0aa051ce99f') in 0.040898 seconds 
========================================================================
Received Import Request.
  Time since last request: 68.159748 seconds.
  path: Assets/Sprites/Items/Pociones/PocionMana.png
  artifactKey: Guid(12885128c89fb03438a64c61a312028b) Importer(815301076,1909f56bfc062723c751e8b465ee728b)
Start importing Assets/Sprites/Items/Pociones/PocionMana.png using Guid(12885128c89fb03438a64c61a312028b) Importer(815301076,1909f56bfc062723c751e8b465ee728b)  -> (artifact id: 'c8dd7f288adb4ff3fd3559b2c75b9bb1') in 0.026929 seconds 
========================================================================
Received Import Request.
  Time since last request: 4.855445 seconds.
  path: Packages/com.unity.2d.animation/Editor/Assets/SkinningModule/Icons/Dark/d_Edit_Pose.png
  artifactKey: Guid(7a6cafa65c507e240b7293250b094e10) Importer(815301076,1909f56bfc062723c751e8b465ee728b)
Start importing Packages/com.unity.2d.animation/Editor/Assets/SkinningModule/Icons/Dark/d_Edit_Pose.png using Guid(7a6cafa65c507e240b7293250b094e10) Importer(815301076,1909f56bfc062723c751e8b465ee728b)  -> (artifact id: '9698b5c7d5281c81de865265a1f9afd8') in 0.044505 seconds 
========================================================================
Received Import Request.
  Time since last request: 0.000078 seconds.
  path: Packages/com.unity.collab-proxy/Editor/PlasticSCM/Assets/Images/d_expertbuhoshe.png
  artifactKey: Guid(8325d4ef0a6eb3d43952aff8a06d9f45) Importer(815301076,1909f56bfc062723c751e8b465ee728b)
Start importing Packages/com.unity.collab-proxy/Editor/PlasticSCM/Assets/Images/d_expertbuhoshe.png using Guid(8325d4ef0a6eb3d43952aff8a06d9f45) Importer(815301076,1909f56bfc062723c751e8b465ee728b)  -> (artifact id: 'cda26c401c963dc60907414210906f3c') in 0.052617 seconds 
========================================================================
Received Import Request.
  Time since last request: 0.000042 seconds.
  path: Packages/com.unity.collab-proxy/Editor/PlasticSCM/Assets/Images/d_iconplasticnotifyconflict.png
  artifactKey: Guid(51582ae5ea51fa14996791a550f89473) Importer(815301076,1909f56bfc062723c751e8b465ee728b)
Start importing Packages/com.unity.collab-proxy/Editor/PlasticSCM/Assets/Images/d_iconplasticnotifyconflict.png using Guid(51582ae5ea51fa14996791a550f89473) Importer(815301076,1909f56bfc062723c751e8b465ee728b)  -> (artifact id: '39b26af21da02ec19918e903cfac5f7c') in 0.039925 seconds 
========================================================================
Received Import Request.
  Time since last request: 0.000066 seconds.
  path: Packages/com.unity.2d.animation/Editor/Assets/SkinningModule/Icons/Dark/d_Edit_Pose@4x.png
  artifactKey: Guid(4f3a106299767d146975053c7be09b97) Importer(815301076,1909f56bfc062723c751e8b465ee728b)
Start importing Packages/com.unity.2d.animation/Editor/Assets/SkinningModule/Icons/Dark/d_Edit_Pose@4x.png using Guid(4f3a106299767d146975053c7be09b97) Importer(815301076,1909f56bfc062723c751e8b465ee728b)  -> (artifact id: '23864c70a6de789f111f22c123863116') in 0.035701 seconds 
========================================================================
Received Import Request.
  Time since last request: 0.000102 seconds.
  path: Packages/com.unity.collab-proxy/Editor/PlasticSCM/Assets/Images/d_expertbuho.png
  artifactKey: Guid(13e7e6fe43a8aa049bcd610bbc1f5ff8) Importer(815301076,1909f56bfc062723c751e8b465ee728b)
Start importing Packages/com.unity.collab-proxy/Editor/PlasticSCM/Assets/Images/d_expertbuho.png using Guid(13e7e6fe43a8aa049bcd610bbc1f5ff8) Importer(815301076,1909f56bfc062723c751e8b465ee728b)  -> (artifact id: '007c7a69d1f761ba2185bd4a908b043f') in 0.047047 seconds 
========================================================================
Received Import Request.
  Time since last request: 1.013428 seconds.
  path: Packages/com.unity.collab-proxy/Editor/PlasticSCM/Assets/Images/d_iconplasticview.png
  artifactKey: Guid(519d97e745e55f041b609f3666cbc037) Importer(815301076,1909f56bfc062723c751e8b465ee728b)
Start importing Packages/com.unity.collab-proxy/Editor/PlasticSCM/Assets/Images/d_iconplasticview.png using Guid(519d97e745e55f041b609f3666cbc037) Importer(815301076,1909f56bfc062723c751e8b465ee728b)  -> (artifact id: '26314f3263a4704127b51b4e8d3969f8') in 0.040870 seconds 
========================================================================
Received Import Request.
  Time since last request: 0.000038 seconds.
  path: Packages/com.unity.2d.animation/Editor/Assets/SkinningModule/Icons/Dark/d_Split_Edge@4x.png
  artifactKey: Guid(ed130aac49764ad4f9d35454c297b75a) Importer(815301076,1909f56bfc062723c751e8b465ee728b)
Start importing Packages/com.unity.2d.animation/Editor/Assets/SkinningModule/Icons/Dark/d_Split_Edge@4x.png using Guid(ed130aac49764ad4f9d35454c297b75a) Importer(815301076,1909f56bfc062723c751e8b465ee728b)  -> (artifact id: 'eda29cd70da5e2a23e383586e020ccf7') in 0.036629 seconds 
========================================================================
Received Import Request.
  Time since last request: 0.000145 seconds.
  path: Assets/Sprites/Items/Tesoros/LlavePlateada.png
  artifactKey: Guid(87e41d96a7e7d1746ad04a3d7d105bf2) Importer(815301076,1909f56bfc062723c751e8b465ee728b)
Start importing Assets/Sprites/Items/Tesoros/LlavePlateada.png using Guid(87e41d96a7e7d1746ad04a3d7d105bf2) Importer(815301076,1909f56bfc062723c751e8b465ee728b)  -> (artifact id: '23c7fb379e0c11705dce682a213e05a6') in 0.038906 seconds 
========================================================================
Received Import Request.
  Time since last request: 0.000069 seconds.
  path: Packages/com.unity.2d.animation/Editor/Assets/SkinningModule/Icons/Dark/d_Split_Edge@2x.png
  artifactKey: Guid(22fade1e2426f684a9c315c974f50d18) Importer(815301076,1909f56bfc062723c751e8b465ee728b)
Start importing Packages/com.unity.2d.animation/Editor/Assets/SkinningModule/Icons/Dark/d_Split_Edge@2x.png using Guid(22fade1e2426f684a9c315c974f50d18) Importer(815301076,1909f56bfc062723c751e8b465ee728b)  -> (artifact id: '7a0bd9d0375728756d7cacff719df67d') in 0.033915 seconds 
========================================================================
Received Import Request.
  Time since last request: 45.208968 seconds.
  path: Assets/Prefabs/Mapa/Decoracion/Silla.prefab
  artifactKey: Guid(9dcb7cc9c2b772545b7eaa65882116a7) Importer(815301076,1909f56bfc062723c751e8b465ee728b)
Start importing Assets/Prefabs/Mapa/Decoracion/Silla.prefab using Guid(9dcb7cc9c2b772545b7eaa65882116a7) Importer(815301076,1909f56bfc062723c751e8b465ee728b)  -> (artifact id: '572758a969bf6476a636a96cc06242fe') in 0.025209 seconds 
========================================================================
Received Import Request.
  Time since last request: 5.987440 seconds.
  path: Assets/Prefabs/Mapa/Decoracion/Planta.prefab
  artifactKey: Guid(2c360076f344a8b448f0f2ff40ecd855) Importer(815301076,1909f56bfc062723c751e8b465ee728b)
Start importing Assets/Prefabs/Mapa/Decoracion/Planta.prefab using Guid(2c360076f344a8b448f0f2ff40ecd855) Importer(815301076,1909f56bfc062723c751e8b465ee728b)  -> (artifact id: '0bb8cdd5f1eea2a4ba3e275f65dbe772') in 0.024150 seconds 
========================================================================
Received Import Request.
  Time since last request: 61.023342 seconds.
  path: Assets/Sprites/Items/Pergaminos/ScrollFuego.png
  artifactKey: Guid(f98c6a8fee6438546989ca6a215ac608) Importer(815301076,1909f56bfc062723c751e8b465ee728b)
Start importing Assets/Sprites/Items/Pergaminos/ScrollFuego.png using Guid(f98c6a8fee6438546989ca6a215ac608) Importer(815301076,1909f56bfc062723c751e8b465ee728b)  -> (artifact id: '5a9386762496554b92635cca931fcb16') in 0.042131 seconds 
========================================================================
Received Import Request.
  Time since last request: 0.000062 seconds.
  path: Assets/Sprites/Personajes/NPC/Princess/SeparateAnim/Special1.png
  artifactKey: Guid(5c83b2dcd44a7f9449e819357a2daf45) Importer(815301076,1909f56bfc062723c751e8b465ee728b)
Start importing Assets/Sprites/Personajes/NPC/Princess/SeparateAnim/Special1.png using Guid(5c83b2dcd44a7f9449e819357a2daf45) Importer(815301076,1909f56bfc062723c751e8b465ee728b)  -> (artifact id: 'ca56605ba98373cd83b714ef06f445f9') in 0.043452 seconds 
========================================================================
Received Import Request.
  Time since last request: 0.000037 seconds.
  path: Assets/Sprites/Personajes/NPC/Herrero/SeparateAnim/Special2.png
  artifactKey: Guid(7475576cfca392e47a212b4feadd8cab) Importer(815301076,1909f56bfc062723c751e8b465ee728b)
Start importing Assets/Sprites/Personajes/NPC/Herrero/SeparateAnim/Special2.png using Guid(7475576cfca392e47a212b4feadd8cab) Importer(815301076,1909f56bfc062723c751e8b465ee728b)  -> (artifact id: 'd68173d484fff5a8fc610dd43030361f') in 0.036477 seconds 
========================================================================
Received Import Request.
  Time since last request: 0.000034 seconds.
  path: Assets/Sprites/Items/Pergaminos/ScrollLibre.png
  artifactKey: Guid(a7ea297a38e7a224c8b74528e1c8238c) Importer(815301076,1909f56bfc062723c751e8b465ee728b)
Start importing Assets/Sprites/Items/Pergaminos/ScrollLibre.png using Guid(a7ea297a38e7a224c8b74528e1c8238c) Importer(815301076,1909f56bfc062723c751e8b465ee728b)  -> (artifact id: '426b0001593bbbb7bb2ddb97487fb124') in 0.032404 seconds 
========================================================================
Received Import Request.
  Time since last request: 0.000106 seconds.
  path: Assets/Sprites/Items/Tesoros/Shuriken.png
  artifactKey: Guid(9909bb27624f75646a207169aecd8a71) Importer(815301076,1909f56bfc062723c751e8b465ee728b)
Start importing Assets/Sprites/Items/Tesoros/Shuriken.png using Guid(9909bb27624f75646a207169aecd8a71) Importer(815301076,1909f56bfc062723c751e8b465ee728b)  -> (artifact id: '4715933a4c72f13de47bde5054352d47') in 0.034441 seconds 
========================================================================
Received Import Request.
  Time since last request: 0.000042 seconds.
  path: Assets/Sprites/Personajes/NPC/OldMan2/SeparateAnim/Special1.png
  artifactKey: Guid(9fe4d63412bb84c4989bebf14c0421fa) Importer(815301076,1909f56bfc062723c751e8b465ee728b)
Start importing Assets/Sprites/Personajes/NPC/OldMan2/SeparateAnim/Special1.png using Guid(9fe4d63412bb84c4989bebf14c0421fa) Importer(815301076,1909f56bfc062723c751e8b465ee728b)  -> (artifact id: 'e4cda0bbb8072da004b530dbca7eed45') in 0.029338 seconds 
========================================================================
Received Import Request.
  Time since last request: 0.000030 seconds.
  path: Assets/Sprites/Personajes/NPC/Herrero/SeparateAnim/Special1.png
  artifactKey: Guid(1557fcd712a03914799b8cdcbf58fd57) Importer(815301076,1909f56bfc062723c751e8b465ee728b)
Start importing Assets/Sprites/Personajes/NPC/Herrero/SeparateAnim/Special1.png using Guid(1557fcd712a03914799b8cdcbf58fd57) Importer(815301076,1909f56bfc062723c751e8b465ee728b)  -> (artifact id: '4b4f455fa1c2f3d5c4a6aca35c480ec5') in 0.034812 seconds 
========================================================================
Received Import Request.
  Time since last request: 0.000025 seconds.
  path: Assets/Sprites/Personajes/NPC/Woman/SeparateAnim/Special1.png
  artifactKey: Guid(1087a28a832f46e4480a6577b2601b6e) Importer(815301076,1909f56bfc062723c751e8b465ee728b)
Start importing Assets/Sprites/Personajes/NPC/Woman/SeparateAnim/Special1.png using Guid(1087a28a832f46e4480a6577b2601b6e) Importer(815301076,1909f56bfc062723c751e8b465ee728b)  -> (artifact id: '692022b251dc64d10dff0689f57aa38c') in 0.032855 seconds 
========================================================================
Received Import Request.
  Time since last request: 0.000038 seconds.
  path: Assets/Sprites/Personajes/NPC/Villager4/SeparateAnim/Special1.png
  artifactKey: Guid(925e3aa494ad97941a8460f82d1f48b6) Importer(815301076,1909f56bfc062723c751e8b465ee728b)
Start importing Assets/Sprites/Personajes/NPC/Villager4/SeparateAnim/Special1.png using Guid(925e3aa494ad97941a8460f82d1f48b6) Importer(815301076,1909f56bfc062723c751e8b465ee728b)  -> (artifact id: '64dc8ea1ac2d10d9875a3d0af8271eb3') in 0.033461 seconds 
========================================================================
Received Import Request.
  Time since last request: 0.000040 seconds.
  path: Assets/Sprites/Personajes/NPC/Villager3/SeparateAnim/Special2.png
  artifactKey: Guid(a357b86639e3ed94ab080eedeb87d6e0) Importer(815301076,1909f56bfc062723c751e8b465ee728b)
Start importing Assets/Sprites/Personajes/NPC/Villager3/SeparateAnim/Special2.png using Guid(a357b86639e3ed94ab080eedeb87d6e0) Importer(815301076,1909f56bfc062723c751e8b465ee728b)  -> (artifact id: '088a04304c8ff88ea4a6d2bd44b2f358') in 0.033447 seconds 
========================================================================
Received Import Request.
  Time since last request: 0.000049 seconds.
  path: Assets/Sprites/Personajes/NPC/Comerciante/SeparateAnim/Special1.png
  artifactKey: Guid(e449ae47b0d942c46a85bcc5b0b119ec) Importer(815301076,1909f56bfc062723c751e8b465ee728b)
Start importing Assets/Sprites/Personajes/NPC/Comerciante/SeparateAnim/Special1.png using Guid(e449ae47b0d942c46a85bcc5b0b119ec) Importer(815301076,1909f56bfc062723c751e8b465ee728b)  -> (artifact id: 'd27731b1356ffe33a6532abeaf620f04') in 0.094617 seconds 
========================================================================
Received Import Request.
  Time since last request: 0.000049 seconds.
  path: Assets/Sprites/Personajes/NPC/Villager/SeparateAnim/Special2.png
  artifactKey: Guid(e14a01ef706aa0a4f91a5df9271380b5) Importer(815301076,1909f56bfc062723c751e8b465ee728b)
Start importing Assets/Sprites/Personajes/NPC/Villager/SeparateAnim/Special2.png using Guid(e14a01ef706aa0a4f91a5df9271380b5) Importer(815301076,1909f56bfc062723c751e8b465ee728b)  -> (artifact id: 'f4cdeb87533779a417cef326e8ffff22') in 0.035824 seconds 
========================================================================
Received Import Request.
  Time since last request: 0.000045 seconds.
  path: Assets/Sprites/Items/Pergaminos/ScrollTrueno.png
  artifactKey: Guid(69b7fb60aeec5354a832c5b1d00ad133) Importer(815301076,1909f56bfc062723c751e8b465ee728b)
Start importing Assets/Sprites/Items/Pergaminos/ScrollTrueno.png using Guid(69b7fb60aeec5354a832c5b1d00ad133) Importer(815301076,1909f56bfc062723c751e8b465ee728b)  -> (artifact id: '57dafa0a5a42640fe9145a826a3ca822') in 0.065347 seconds 
========================================================================
Received Import Request.
  Time since last request: 2.336065 seconds.
  path: Assets/Sprites/Items/Armas/Tridente.png
  artifactKey: Guid(691e927a925cc9547815f75194fb9181) Importer(815301076,1909f56bfc062723c751e8b465ee728b)
Start importing Assets/Sprites/Items/Armas/Tridente.png using Guid(691e927a925cc9547815f75194fb9181) Importer(815301076,1909f56bfc062723c751e8b465ee728b)  -> (artifact id: '3ef0175c488735bf42068062ad51627e') in 0.038779 seconds 
========================================================================
Received Import Request.
  Time since last request: 2.099701 seconds.
  path: Assets/Sprites/Personajes/NPC/Woman/SeparateAnim/Dead.png
  artifactKey: Guid(12407f8b17d7154409b94be197270919) Importer(815301076,1909f56bfc062723c751e8b465ee728b)
Start importing Assets/Sprites/Personajes/NPC/Woman/SeparateAnim/Dead.png using Guid(12407f8b17d7154409b94be197270919) Importer(815301076,1909f56bfc062723c751e8b465ee728b)  -> (artifact id: '1e4a03edeaa35f99eae8c4a7bc941cbb') in 0.051462 seconds 
========================================================================
Received Import Request.
  Time since last request: 0.000090 seconds.
  path: Packages/com.unity.2d.animation/Editor/Assets/SkinningModule/Icons/Light/Edit_Joints.png
  artifactKey: Guid(e7b30dca77466b8478690c280b0010ea) Importer(815301076,1909f56bfc062723c751e8b465ee728b)
Start importing Packages/com.unity.2d.animation/Editor/Assets/SkinningModule/Icons/Light/Edit_Joints.png using Guid(e7b30dca77466b8478690c280b0010ea) Importer(815301076,1909f56bfc062723c751e8b465ee728b)  -> (artifact id: '2110e115727f295e159d80c9ff785388') in 0.058335 seconds 
========================================================================
Received Import Request.
  Time since last request: 0.000050 seconds.
  path: Packages/com.unity.2d.animation/Editor/Assets/SkinningModule/Icons/Selected/Edit_Geometry@4x.png
  artifactKey: Guid(1a96ab5f501a8e84c9016458682e1ccb) Importer(815301076,1909f56bfc062723c751e8b465ee728b)
Start importing Packages/com.unity.2d.animation/Editor/Assets/SkinningModule/Icons/Selected/Edit_Geometry@4x.png using Guid(1a96ab5f501a8e84c9016458682e1ccb) Importer(815301076,1909f56bfc062723c751e8b465ee728b)  -> (artifact id: '9882520dc94c9148128b8793cb543fda') in 0.046828 seconds 
========================================================================
Received Import Request.
  Time since last request: 0.000130 seconds.
  path: Assets/Sprites/Personajes/NPC/Comerciante/SeparateAnim/Dead.png
  artifactKey: Guid(7f974b0e1d748244cab2f849ce4928e5) Importer(815301076,1909f56bfc062723c751e8b465ee728b)
Start importing Assets/Sprites/Personajes/NPC/Comerciante/SeparateAnim/Dead.png using Guid(7f974b0e1d748244cab2f849ce4928e5) Importer(815301076,1909f56bfc062723c751e8b465ee728b)  -> (artifact id: '7fdf9e0f18c5d6d32c8877856e6aaff2') in 0.032356 seconds 
========================================================================
Received Import Request.
  Time since last request: 0.000048 seconds.
  path: Assets/Sprites/Personajes/NPC/Inspector/SeparateAnim/Dead.png
  artifactKey: Guid(b2a13a86f2ca200479321212268d4c44) Importer(815301076,1909f56bfc062723c751e8b465ee728b)
Start importing Assets/Sprites/Personajes/NPC/Inspector/SeparateAnim/Dead.png using Guid(b2a13a86f2ca200479321212268d4c44) Importer(815301076,1909f56bfc062723c751e8b465ee728b)  -> (artifact id: 'c5071cac3641654f83332a0f53f2a733') in 0.035041 seconds 
========================================================================
Received Import Request.
  Time since last request: 0.000049 seconds.
  path: Packages/com.unity.2d.animation/Editor/Assets/SkinningModule/Icons/Light/Edit_Geometry@3x.png
  artifactKey: Guid(b37297243655c064a8cd48d76a074ca0) Importer(815301076,1909f56bfc062723c751e8b465ee728b)
Start importing Packages/com.unity.2d.animation/Editor/Assets/SkinningModule/Icons/Light/Edit_Geometry@3x.png using Guid(b37297243655c064a8cd48d76a074ca0) Importer(815301076,1909f56bfc062723c751e8b465ee728b)  -> (artifact id: '0ba7a702ccabb2b93ab5a691f3268638') in 0.032990 seconds 
========================================================================
Received Import Request.
  Time since last request: 0.000035 seconds.
  path: Assets/Sprites/Personajes/NPC/Villager/SeparateAnim/Dead.png
  artifactKey: Guid(959aa2534db4d9e42acd8f98794925c4) Importer(815301076,1909f56bfc062723c751e8b465ee728b)
Start importing Assets/Sprites/Personajes/NPC/Villager/SeparateAnim/Dead.png using Guid(959aa2534db4d9e42acd8f98794925c4) Importer(815301076,1909f56bfc062723c751e8b465ee728b)  -> (artifact id: 'b5de639d26648cbf5d3719e76be778b4') in 0.034707 seconds 
========================================================================
Received Import Request.
  Time since last request: 0.000050 seconds.
  path: Assets/Sprites/Personajes/NPC/Villager3/SeparateAnim/Dead.png
  artifactKey: Guid(5974ca967650d83469ea6f48a0f9c97b) Importer(815301076,1909f56bfc062723c751e8b465ee728b)
Start importing Assets/Sprites/Personajes/NPC/Villager3/SeparateAnim/Dead.png using Guid(5974ca967650d83469ea6f48a0f9c97b) Importer(815301076,1909f56bfc062723c751e8b465ee728b)  -> (artifact id: '67328efff2fb4de6d2694eeaba810870') in 0.032886 seconds 
========================================================================
Received Import Request.
  Time since last request: 0.420921 seconds.
  path: Assets/Sprites/Items/Armas/Hueso.png
  artifactKey: Guid(2c180f040ceb1a94db1a2d23847545d4) Importer(815301076,1909f56bfc062723c751e8b465ee728b)
Start importing Assets/Sprites/Items/Armas/Hueso.png using Guid(2c180f040ceb1a94db1a2d23847545d4) Importer(815301076,1909f56bfc062723c751e8b465ee728b)  -> (artifact id: '33ad2f9f860ee4b553cbe2be0fbbb2b8') in 0.034769 seconds 
========================================================================
Received Import Request.
  Time since last request: 54.573922 seconds.
  path: Assets/Prefabs/Mapa/Decoracion/Escalera.prefab
  artifactKey: Guid(73f81dca992377744b95f4c4f744c74a) Importer(815301076,1909f56bfc062723c751e8b465ee728b)
Start importing Assets/Prefabs/Mapa/Decoracion/Escalera.prefab using Guid(73f81dca992377744b95f4c4f744c74a) Importer(815301076,1909f56bfc062723c751e8b465ee728b)  -> (artifact id: '8472c49783c1bb235e30da4fd7d6e067') in 0.021029 seconds 
========================================================================
Received Import Request.
  Time since last request: 78.467392 seconds.
  path: Packages/com.unity.collab-proxy/Editor/PlasticSCM/Assets/Images/d_genericbuhoshe2.png
  artifactKey: Guid(17035c204825f6340a252046ab6476fd) Importer(815301076,1909f56bfc062723c751e8b465ee728b)
Start importing Packages/com.unity.collab-proxy/Editor/PlasticSCM/Assets/Images/d_genericbuhoshe2.png using Guid(17035c204825f6340a252046ab6476fd) Importer(815301076,1909f56bfc062723c751e8b465ee728b)  -> (artifact id: '0446dea8efce6447555e68169bd05b9c') in 0.060413 seconds 
========================================================================
Received Import Request.
  Time since last request: 0.000090 seconds.
  path: Packages/com.unity.collab-proxy/Editor/PlasticSCM/Assets/Images/d_stevejobsbuhoshechristmas.png
  artifactKey: Guid(f008857e434b98b4eaabda1fd6af3059) Importer(815301076,1909f56bfc062723c751e8b465ee728b)
Start importing Packages/com.unity.collab-proxy/Editor/PlasticSCM/Assets/Images/d_stevejobsbuhoshechristmas.png using Guid(f008857e434b98b4eaabda1fd6af3059) Importer(815301076,1909f56bfc062723c751e8b465ee728b)  -> (artifact id: '3c178a2cc374b019ffd4da3bfe1735ae') in 0.045265 seconds 
========================================================================
Received Import Request.
  Time since last request: 0.000052 seconds.
  path: Packages/com.unity.collab-proxy/Editor/PlasticSCM/Assets/Images/d_genericbuhoshechristmas2.png
  artifactKey: Guid(7fd3cda14282bb7429b8eeb6c121e5bb) Importer(815301076,1909f56bfc062723c751e8b465ee728b)
Start importing Packages/com.unity.collab-proxy/Editor/PlasticSCM/Assets/Images/d_genericbuhoshechristmas2.png using Guid(7fd3cda14282bb7429b8eeb6c121e5bb) Importer(815301076,1909f56bfc062723c751e8b465ee728b)  -> (artifact id: '1fc9b79ac54f5fdae950b8d7804ca9b8') in 0.050336 seconds 
========================================================================
Received Import Request.
  Time since last request: 0.000057 seconds.
  path: Packages/com.unity.collab-proxy/Editor/PlasticSCM/Assets/Images/d_iconclosebutton@2x.png
  artifactKey: Guid(0525793900d728a42936791a8a6de63b) Importer(815301076,1909f56bfc062723c751e8b465ee728b)
Start importing Packages/com.unity.collab-proxy/Editor/PlasticSCM/Assets/Images/d_iconclosebutton@2x.png using Guid(0525793900d728a42936791a8a6de63b) Importer(815301076,1909f56bfc062723c751e8b465ee728b)  -> (artifact id: 'dda35468bc44cb49957be88e7de16661') in 0.031519 seconds 
========================================================================
Received Import Request.
  Time since last request: 0.000062 seconds.
  path: Packages/com.unity.collab-proxy/Editor/PlasticSCM/Assets/Images/d_genericbuhoshechristmas1.png
  artifactKey: Guid(d98fbe17966d8ef449b25b99024bf36f) Importer(815301076,1909f56bfc062723c751e8b465ee728b)
Start importing Packages/com.unity.collab-proxy/Editor/PlasticSCM/Assets/Images/d_genericbuhoshechristmas1.png using Guid(d98fbe17966d8ef449b25b99024bf36f) Importer(815301076,1909f56bfc062723c751e8b465ee728b)  -> (artifact id: '654436d43fb5562b2b3b0477290c1fff') in 0.052316 seconds 
========================================================================
Received Import Request.
  Time since last request: 24.572161 seconds.
  path: Assets/Prefabs/Mapa/Decoracion/Bultos.prefab
  artifactKey: Guid(54d096f36631bd345bd9f1a508b82361) Importer(815301076,1909f56bfc062723c751e8b465ee728b)
Start importing Assets/Prefabs/Mapa/Decoracion/Bultos.prefab using Guid(54d096f36631bd345bd9f1a508b82361) Importer(815301076,1909f56bfc062723c751e8b465ee728b)  -> (artifact id: 'd266600e5d7be3f6215a355b463c815b') in 0.023280 seconds 
